{"/home/usuario/ull-esit-inf-dsi-20-21-prct06-generics-solid-alu0101206479/src/ejercicio-1/pokemon.ts":{"path":"/home/usuario/ull-esit-inf-dsi-20-21-prct06-generics-solid-alu0101206479/src/ejercicio-1/pokemon.ts","statementMap":{"0":{"start":{"line":2,"column":0},"end":{"line":2,"column":62}},"1":{"start":{"line":3,"column":0},"end":{"line":3,"column":25}},"2":{"start":{"line":4,"column":18},"end":{"line":4,"column":38}},"3":{"start":{"line":26,"column":8},"end":{"line":26,"column":73}},"4":{"start":{"line":27,"column":8},"end":{"line":27,"column":25}},"5":{"start":{"line":38,"column":8},"end":{"line":38,"column":25}},"6":{"start":{"line":49,"column":8},"end":{"line":49,"column":25}},"7":{"start":{"line":52,"column":0},"end":{"line":52,"column":26}}},"fnMap":{"0":{"name":"(anonymous_0)","decl":{"start":{"line":25,"column":4},"end":{"line":25,"column":5}},"loc":{"start":{"line":25,"column":81},"end":{"line":28,"column":5}},"line":25},"1":{"name":"(anonymous_1)","decl":{"start":{"line":37,"column":4},"end":{"line":37,"column":5}},"loc":{"start":{"line":37,"column":14},"end":{"line":39,"column":5}},"line":37},"2":{"name":"(anonymous_2)","decl":{"start":{"line":48,"column":4},"end":{"line":48,"column":5}},"loc":{"start":{"line":48,"column":18},"end":{"line":50,"column":5}},"line":48}},"branchMap":{},"s":{"0":1,"1":1,"2":1,"3":1,"4":1,"5":1,"6":0,"7":1},"f":{"0":1,"1":1,"2":0},"b":{},"inputSourceMap":{"version":3,"file":"/home/usuario/ull-esit-inf-dsi-20-21-prct06-generics-solid-alu0101206479/src/ejercicio-1/pokemon.ts","sources":["/home/usuario/ull-esit-inf-dsi-20-21-prct06-generics-solid-alu0101206479/src/ejercicio-1/pokemon.ts"],"names":[],"mappings":";;;AAAA,uCAAkC;AAElC;;;;;;GAMG;AACH,MAAa,OAAQ,SAAQ,iBAAO;IAClC;;;;;;;;;;;OAWG;IACH,YAAY,MAAc,EAAE,IAAY,EAAE,MAAc,EAAU,IAAY,EAAE,mBAA6B,EAAE,cAAsB;QACnI,KAAK,CAAC,MAAM,EAAE,IAAI,EAAE,MAAM,EAAE,mBAAmB,EAAE,cAAc,CAAC,CAAC;QADD,SAAI,GAAJ,IAAI,CAAQ;IAE9E,CAAC;IAED;;;;;;;OAOG;IACI,OAAO;QACZ,OAAO,IAAI,CAAC,IAAI,CAAC;IACnB,CAAC;IAED;;;;;;;OAOG;IACI,OAAO,CAAC,IAAY;QACzB,IAAI,CAAC,IAAI,GAAG,IAAI,CAAC;IACnB,CAAC;CACF;AAxCD,0BAwCC","sourcesContent":["import {Figther} from \"./figther\";\n\n/**\n * ```typescript\n * // Ejemplo de creación\n *  const Venusaur = new Pokemon(\"Venusaur\", 100, 2.0, \"Planta\", [82, 83, 80, 80], \"SAURRR!\");\n * ```\n * Clase que representa un personaje del universo Pokemon, clase hija de la clase Figther\n */\nexport class Pokemon extends Figther {\n  /**\n   * // Ejemplo de llamada\n   *  const Venusaur = new Pokemon(\"Venusaur\", 100, 2.0, \"Planta\", [82, 83, 80, 80], \"SAURRR!\");\n   * ```\n   * Constructor de la clase Pokemon, se heredan con super todos los atributos menos tipo, que es el atributo propio de la clase\n   * @param nombre Nombre del personaje\n   * @param peso Peso del personaje\n   * @param altura Altura del personaje\n   * @param tipo Tipo del Pokemon, puede ser Fuego, Agua, Planta o Eléctrico\n   * @param estadisticasBasicas Estadisticas básicas del personaje (Ataque, Defensa, Velocidad y HP)\n   * @param catchingPhrase Catching Phrase del personaje\n   */\n  constructor(nombre: string, peso: number, altura: number, private tipo: string, estadisticasBasicas: number[], catchingPhrase: string) {\n    super(nombre, peso, altura, estadisticasBasicas, catchingPhrase);\n  }\n\n  /**\n   * ```typescript\n   * // Ejemplo de llamada\n   *  pokemon.getTipo();\n   * ```\n   * Función que retorna el tipo del Pokemon\n   * @return El atributo tipo\n   */\n  public getTipo() {\n    return this.tipo;\n  }\n\n  /**\n   * ```typescript\n   * // Ejemplo de llamada\n   *  pokemon.setTipo(\"Fuego\");\n   * ```\n   * Función para cambiar el tipo del Pokemon\n   * @param tipo El nuevo tipo del Pokemon\n   */\n  public setTipo(tipo: string) {\n    this.tipo = tipo;\n  }\n}\n"]},"_coverageSchema":"1a1c01bbd47fc00a2c39e90264f33305004495a9","hash":"013b4bb0eddc34c9e872a1118b1164ac9fe6870e","contentHash":"ee64192e442147e04c7705d37c2ad0427d951b25e1b345f02377e257ebe43d57"},"/home/usuario/ull-esit-inf-dsi-20-21-prct06-generics-solid-alu0101206479/src/ejercicio-1/figther.ts":{"path":"/home/usuario/ull-esit-inf-dsi-20-21-prct06-generics-solid-alu0101206479/src/ejercicio-1/figther.ts","statementMap":{"0":{"start":{"line":2,"column":0},"end":{"line":2,"column":62}},"1":{"start":{"line":3,"column":0},"end":{"line":3,"column":25}},"2":{"start":{"line":24,"column":8},"end":{"line":24,"column":29}},"3":{"start":{"line":25,"column":8},"end":{"line":25,"column":25}},"4":{"start":{"line":26,"column":8},"end":{"line":26,"column":29}},"5":{"start":{"line":27,"column":8},"end":{"line":27,"column":45}},"6":{"start":{"line":31,"column":8},"end":{"line":36,"column":10}},"7":{"start":{"line":37,"column":8},"end":{"line":37,"column":65}},"8":{"start":{"line":38,"column":8},"end":{"line":38,"column":66}},"9":{"start":{"line":39,"column":8},"end":{"line":39,"column":68}},"10":{"start":{"line":40,"column":8},"end":{"line":40,"column":61}},"11":{"start":{"line":51,"column":8},"end":{"line":51,"column":27}},"12":{"start":{"line":62,"column":8},"end":{"line":62,"column":29}},"13":{"start":{"line":73,"column":8},"end":{"line":73,"column":25}},"14":{"start":{"line":84,"column":8},"end":{"line":84,"column":25}},"15":{"start":{"line":95,"column":8},"end":{"line":95,"column":27}},"16":{"start":{"line":106,"column":8},"end":{"line":106,"column":29}},"17":{"start":{"line":117,"column":8},"end":{"line":117,"column":40}},"18":{"start":{"line":128,"column":8},"end":{"line":128,"column":49}},"19":{"start":{"line":139,"column":8},"end":{"line":139,"column":51}},"20":{"start":{"line":150,"column":8},"end":{"line":150,"column":55}},"21":{"start":{"line":161,"column":8},"end":{"line":161,"column":41}},"22":{"start":{"line":172,"column":8},"end":{"line":172,"column":35}},"23":{"start":{"line":183,"column":8},"end":{"line":183,"column":45}},"24":{"start":{"line":186,"column":0},"end":{"line":186,"column":26}}},"fnMap":{"0":{"name":"(anonymous_0)","decl":{"start":{"line":23,"column":4},"end":{"line":23,"column":5}},"loc":{"start":{"line":23,"column":75},"end":{"line":41,"column":5}},"line":23},"1":{"name":"(anonymous_1)","decl":{"start":{"line":50,"column":4},"end":{"line":50,"column":5}},"loc":{"start":{"line":50,"column":16},"end":{"line":52,"column":5}},"line":50},"2":{"name":"(anonymous_2)","decl":{"start":{"line":61,"column":4},"end":{"line":61,"column":5}},"loc":{"start":{"line":61,"column":22},"end":{"line":63,"column":5}},"line":61},"3":{"name":"(anonymous_3)","decl":{"start":{"line":72,"column":4},"end":{"line":72,"column":5}},"loc":{"start":{"line":72,"column":14},"end":{"line":74,"column":5}},"line":72},"4":{"name":"(anonymous_4)","decl":{"start":{"line":83,"column":4},"end":{"line":83,"column":5}},"loc":{"start":{"line":83,"column":18},"end":{"line":85,"column":5}},"line":83},"5":{"name":"(anonymous_5)","decl":{"start":{"line":94,"column":4},"end":{"line":94,"column":5}},"loc":{"start":{"line":94,"column":16},"end":{"line":96,"column":5}},"line":94},"6":{"name":"(anonymous_6)","decl":{"start":{"line":105,"column":4},"end":{"line":105,"column":5}},"loc":{"start":{"line":105,"column":22},"end":{"line":107,"column":5}},"line":105},"7":{"name":"(anonymous_7)","decl":{"start":{"line":116,"column":4},"end":{"line":116,"column":5}},"loc":{"start":{"line":116,"column":29},"end":{"line":118,"column":5}},"line":116},"8":{"name":"(anonymous_8)","decl":{"start":{"line":127,"column":4},"end":{"line":127,"column":5}},"loc":{"start":{"line":127,"column":22},"end":{"line":129,"column":5}},"line":127},"9":{"name":"(anonymous_9)","decl":{"start":{"line":138,"column":4},"end":{"line":138,"column":5}},"loc":{"start":{"line":138,"column":24},"end":{"line":140,"column":5}},"line":138},"10":{"name":"(anonymous_10)","decl":{"start":{"line":149,"column":4},"end":{"line":149,"column":5}},"loc":{"start":{"line":149,"column":28},"end":{"line":151,"column":5}},"line":149},"11":{"name":"(anonymous_11)","decl":{"start":{"line":160,"column":4},"end":{"line":160,"column":5}},"loc":{"start":{"line":160,"column":14},"end":{"line":162,"column":5}},"line":160},"12":{"name":"(anonymous_12)","decl":{"start":{"line":171,"column":4},"end":{"line":171,"column":5}},"loc":{"start":{"line":171,"column":24},"end":{"line":173,"column":5}},"line":171},"13":{"name":"(anonymous_13)","decl":{"start":{"line":182,"column":4},"end":{"line":182,"column":5}},"loc":{"start":{"line":182,"column":38},"end":{"line":184,"column":5}},"line":182}},"branchMap":{},"s":{"0":1,"1":1,"2":5,"3":5,"4":5,"5":5,"6":5,"7":5,"8":5,"9":5,"10":5,"11":34,"12":0,"13":2,"14":2,"15":1,"16":0,"17":73,"18":0,"19":0,"20":0,"21":11,"22":10,"23":0,"24":1},"f":{"0":5,"1":34,"2":0,"3":2,"4":2,"5":1,"6":0,"7":73,"8":0,"9":0,"10":0,"11":11,"12":10,"13":0},"b":{},"inputSourceMap":{"version":3,"file":"/home/usuario/ull-esit-inf-dsi-20-21-prct06-generics-solid-alu0101206479/src/ejercicio-1/figther.ts","sources":["/home/usuario/ull-esit-inf-dsi-20-21-prct06-generics-solid-alu0101206479/src/ejercicio-1/figther.ts"],"names":[],"mappings":";;;AAAA;;;;;;GAMG;AACH,MAAsB,OAAO;IAW3B;;;;;;;;;;OAUG;IACH,YAAoB,MAAc,EAAU,IAAY,EAAU,MAAc,EAAE,mBAA6B,EAAU,cAAsB;QAA3H,WAAM,GAAN,MAAM,CAAQ;QAAU,SAAI,GAAJ,IAAI,CAAQ;QAAU,WAAM,GAAN,MAAM,CAAQ;QAAyC,mBAAc,GAAd,cAAc,CAAQ;QArB/I;;WAEG;QACK,wBAAmB,GAAG;YAC5B,MAAM,EAAE,CAAC;YACT,OAAO,EAAE,CAAC;YACV,SAAS,EAAE,CAAC;YACZ,EAAE,EAAE,CAAC;SACN,CAAC;QAcA,IAAI,CAAC,mBAAmB,CAAC,MAAM,GAAG,mBAAmB,CAAC,CAAC,CAAC,CAAC;QACzD,IAAI,CAAC,mBAAmB,CAAC,OAAO,GAAG,mBAAmB,CAAC,CAAC,CAAC,CAAC;QAC1D,IAAI,CAAC,mBAAmB,CAAC,SAAS,GAAG,mBAAmB,CAAC,CAAC,CAAC,CAAC;QAC5D,IAAI,CAAC,mBAAmB,CAAC,EAAE,GAAG,mBAAmB,CAAC,CAAC,CAAC,CAAC;IACvD,CAAC;IAED;;;;;;;OAOG;IACI,SAAS;QACd,OAAO,IAAI,CAAC,MAAM,CAAC;IACrB,CAAC;IAED;;;;;;;OAOG;IACI,SAAS,CAAC,MAAc;QAC7B,IAAI,CAAC,MAAM,GAAG,MAAM,CAAC;IACvB,CAAC;IAED;;;;;;;OAOG;IACI,OAAO;QACZ,OAAO,IAAI,CAAC,IAAI,CAAC;IACnB,CAAC;IAED;;;;;;;OAOG;IACI,OAAO,CAAC,IAAY;QACzB,IAAI,CAAC,IAAI,GAAG,IAAI,CAAC;IACnB,CAAC;IAED;;;;;;;OAOG;IACI,SAAS;QACd,OAAO,IAAI,CAAC,MAAM,CAAC;IACrB,CAAC;IAED;;;;;;;OAOG;IACI,SAAS,CAAC,MAAc;QAC7B,IAAI,CAAC,MAAM,GAAG,MAAM,CAAC;IACvB,CAAC;IAED;;;;;;;OAOG;IACI,sBAAsB;QAC3B,OAAO,IAAI,CAAC,mBAAmB,CAAC;IAClC,CAAC;IAED;;;;;;;OAOG;IACI,SAAS,CAAC,MAAc;QAC7B,IAAI,CAAC,mBAAmB,CAAC,MAAM,GAAG,MAAM,CAAC;IAC3C,CAAC;IAED;;;;;;;OAOG;IACI,UAAU,CAAC,OAAe;QAC/B,IAAI,CAAC,mBAAmB,CAAC,OAAO,GAAG,OAAO,CAAC;IAC7C,CAAC;IAED;;;;;;;OAOG;IACI,YAAY,CAAC,SAAiB;QACnC,IAAI,CAAC,mBAAmB,CAAC,SAAS,GAAG,SAAS,CAAC;IACjD,CAAC;IAED;;;;;;;OAOG;IACI,KAAK,CAAC,EAAU;QACrB,IAAI,CAAC,mBAAmB,CAAC,EAAE,GAAG,EAAE,CAAC;IACnC,CAAC;IAED;;;;;;;OAOG;IACI,iBAAiB;QACtB,OAAO,IAAI,CAAC,cAAc,CAAC;IAC7B,CAAC;IAED;;;;;;;SAOK;IACE,iBAAiB,CAAC,cAAsB;QAC7C,IAAI,CAAC,cAAc,GAAG,cAAc,CAAC;IACvC,CAAC;CACF;AAxLD,0BAwLC","sourcesContent":["/**\n * ```typescript\n * // Ejemplo de herencia\n *  class DC extends Figther {}\n * ```\n * Clase abstracta que permite que un contendiente pueda luchar. Será la clase padre de clases que representan distintos universos que quieran luchar.\n */\nexport abstract class Figther {\n  /**\n   * Atributo que representa las estadisticas básicas (ataque, defensa, velocidad, HP) del luchador\n   */\n  private estadisticasBasicas = {\n    ataque: 0,\n    defensa: 0,\n    velocidad: 0,\n    hp: 0,\n  };\n\n  /**\n   * ```typescript\n   * // Ejemplo de herencia de atributos\n   *  super(nombre, peso, altura, estadisticasBasicas, catchingPhrase);\n   * ```\n   * Constructor de la clase Figther\n   * @param nombre Nombre del personaje luchador\n   * @param peso Peso del personaje luchador\n   * @param altura Altura del personaje luchador\n   * @param estadisticasBasicas Vector de estadisticas básicas del personaje luchador, primera posicion representa ataque, segunda defensa, tercera velocidad y cuarta HP\n   */\n  constructor(private nombre: string, private peso: number, private altura: number, estadisticasBasicas: number[], private catchingPhrase: string) {\n    this.estadisticasBasicas.ataque = estadisticasBasicas[0];\n    this.estadisticasBasicas.defensa = estadisticasBasicas[1];\n    this.estadisticasBasicas.velocidad = estadisticasBasicas[2];\n    this.estadisticasBasicas.hp = estadisticasBasicas[3];\n  }\n\n  /**\n   * ```typescript\n   * // Ejemplo de llamada\n   *  personaje.getNombre();\n   * ```\n   * Función que retorna el nombre del luchador\n   * @return El atributo nombre\n   */\n  public getNombre() {\n    return this.nombre;\n  }\n\n  /**\n   * ```typescript\n   * // Ejemplo de llamada\n   *  personaje.setNombre(\"Personaje\");\n   * ```\n   * Función para cambiar el nombre del luchador\n   * @param nombre El nuevo nombre que tendrá el luchador\n   */\n  public setNombre(nombre: string) {\n    this.nombre = nombre;\n  }\n\n  /**\n   * ```typescript\n   * // Ejemplo de llamada\n   *  personaje.getPeso();\n   * ```\n   * Función que retorna el peso del luchador\n   * @return El atributo peso\n   */\n  public getPeso() {\n    return this.peso;\n  }\n\n  /**\n   * ```typescript\n   * // Ejemplo de llamada\n   *  personaje.setPeso(75);\n   * ```\n   * Función para cambiar el peso del luchador\n   * @param peso El nuevo peso que tendrá el luchador\n   */\n  public setPeso(peso: number) {\n    this.peso = peso;\n  }\n\n  /**\n   * ```typescript\n   * // Ejemplo de llamada\n   *  personaje.getAltura();\n   * ```\n   * Función que retorna la altura del luchador\n   * @return El atributo altura\n   */\n  public getAltura() {\n    return this.altura;\n  }\n\n  /**\n   * ```typescript\n   * // Ejemplo de llamada\n   *  personaje.setAltura(1.78);\n   * ```\n   * Función para cambiar la altura del luchador\n   * @param altura La nueva altura que tendrá el luchador\n   */\n  public setAltura(altura: number) {\n    this.altura = altura;\n  }\n\n  /**\n   * ```typescript\n   * // Ejemplo de llamada\n   *  personaje.getEstadisticasBasicas();\n   * ```\n   * Función que retorna las estadisticas básicas (ataque, defensa, velocidad, HP) del luchador\n   * @return El atributo estadisticasBasicas\n   */\n  public getEstadisticasBasicas() {\n    return this.estadisticasBasicas;\n  }\n\n  /**\n   * ```typescript\n   * // Ejemplo de llamada\n   *  personaje.setAtaque(80);\n   * ```\n   * Función para cambiar el ataque del luchador\n   * @param ataque El nuevo ataque que tendrá el luchador\n   */\n  public setAtaque(ataque: number) {\n    this.estadisticasBasicas.ataque = ataque;\n  }\n\n  /**\n   * ```typescript\n   * // Ejemplo de llamada\n   *  personaje.setDefensa(70);\n   * ```\n   * Función para cambiar la defensa del luchador\n   * @param defensa La nueva defensa que tendrá el luchador\n   */\n  public setDefensa(defensa: number) {\n    this.estadisticasBasicas.defensa = defensa;\n  }\n\n  /**\n   * ```typescript\n   * // Ejemplo de llamada\n   *  personaje.setVelocidad(80);\n   * ```\n   * Función para cambiar la velocidad del luchador\n   * @param velocidad La nueva velocidad que tendrá el luchador\n   */\n  public setVelocidad(velocidad: number) {\n    this.estadisticasBasicas.velocidad = velocidad;\n  }\n\n  /**\n   * ```typescript\n   * // Ejemplo de llamada\n   *  personaje.setHP(90);\n   * ```\n   * Función para cambiar el hp del luchador\n   * @param hp El nuevo HP que tendrá el luchador\n   */\n  public setHP(hp: number) {\n    this.estadisticasBasicas.hp = hp;\n  }\n\n  /**\n   * ```typescript\n   * // Ejemplo de llamada\n   *  personaje.getCatchingPhrase();\n   * ```\n   * Función que retorna la frase típica del luchador\n   * @return El atributo catchingPhrase\n   */\n  public getCatchingPhrase() {\n    return this.catchingPhrase;\n  }\n\n  /**\n     * ```typescript\n     * // Ejemplo de llamada\n     *  personaje.setCatchingPhrase(\"Soy un personaje\");\n     * ```\n     * Función para cambiar la frase típica del luchador\n     * @param catchingPhrase La nueva frase típica que tendrá el luchador\n     */\n  public setCatchingPhrase(catchingPhrase: string) {\n    this.catchingPhrase = catchingPhrase;\n  }\n}\n"]},"_coverageSchema":"1a1c01bbd47fc00a2c39e90264f33305004495a9","hash":"2b48ca5f9865e78ab1ecc075e8ec49406654a87e","contentHash":"9e4808677ff78e148663a1fc5a929e4050faf59ffd2619a0b22a2f9714ff10bb"},"/home/usuario/ull-esit-inf-dsi-20-21-prct06-generics-solid-alu0101206479/src/ejercicio-1/marvel.ts":{"path":"/home/usuario/ull-esit-inf-dsi-20-21-prct06-generics-solid-alu0101206479/src/ejercicio-1/marvel.ts","statementMap":{"0":{"start":{"line":2,"column":0},"end":{"line":2,"column":62}},"1":{"start":{"line":3,"column":0},"end":{"line":3,"column":24}},"2":{"start":{"line":4,"column":18},"end":{"line":4,"column":38}},"3":{"start":{"line":26,"column":8},"end":{"line":26,"column":73}},"4":{"start":{"line":27,"column":8},"end":{"line":27,"column":25}},"5":{"start":{"line":38,"column":8},"end":{"line":38,"column":25}},"6":{"start":{"line":49,"column":8},"end":{"line":49,"column":25}},"7":{"start":{"line":52,"column":0},"end":{"line":52,"column":24}}},"fnMap":{"0":{"name":"(anonymous_0)","decl":{"start":{"line":25,"column":4},"end":{"line":25,"column":5}},"loc":{"start":{"line":25,"column":81},"end":{"line":28,"column":5}},"line":25},"1":{"name":"(anonymous_1)","decl":{"start":{"line":37,"column":4},"end":{"line":37,"column":5}},"loc":{"start":{"line":37,"column":14},"end":{"line":39,"column":5}},"line":37},"2":{"name":"(anonymous_2)","decl":{"start":{"line":48,"column":4},"end":{"line":48,"column":5}},"loc":{"start":{"line":48,"column":18},"end":{"line":50,"column":5}},"line":48}},"branchMap":{},"s":{"0":1,"1":1,"2":1,"3":1,"4":1,"5":1,"6":2,"7":1},"f":{"0":1,"1":1,"2":2},"b":{},"inputSourceMap":{"version":3,"file":"/home/usuario/ull-esit-inf-dsi-20-21-prct06-generics-solid-alu0101206479/src/ejercicio-1/marvel.ts","sources":["/home/usuario/ull-esit-inf-dsi-20-21-prct06-generics-solid-alu0101206479/src/ejercicio-1/marvel.ts"],"names":[],"mappings":";;;AAAA,uCAAkC;AAElC;;;;;;GAMG;AACH,MAAa,MAAO,SAAQ,iBAAO;IACjC;;;;;;;;;;;OAWG;IACH,YAAY,MAAc,EAAE,IAAY,EAAE,MAAc,EAAU,IAA8B,EAAE,mBAA6B,EAAE,cAAsB;QACrJ,KAAK,CAAC,MAAM,EAAE,IAAI,EAAE,MAAM,EAAE,mBAAmB,EAAE,cAAc,CAAC,CAAC;QADD,SAAI,GAAJ,IAAI,CAA0B;IAEhG,CAAC;IAED;;;;;;;OAOG;IACI,OAAO;QACZ,OAAO,IAAI,CAAC,IAAI,CAAC;IACnB,CAAC;IAED;;;;;;;OAOG;IACI,OAAO,CAAC,IAA8B;QAC3C,IAAI,CAAC,IAAI,GAAG,IAAI,CAAC;IACnB,CAAC;CACF;AAxCD,wBAwCC","sourcesContent":["import {Figther} from \"./figther\";\n\n/**\n * ```typescript\n * // Ejemplo de creación\n *  const Ironman = new Marvel(\"Iron Man\", 110, 1.92, \"Superheroe\", [85, 80, 110, 150], \"I am Iron Man\");\n * ```\n * Clase que representa un personaje del universo Marvel, clase hija de la clase Figther\n */\nexport class Marvel extends Figther {\n  /**\n   * // Ejemplo de llamada\n   *  const Ironman = new Marvel(\"Iron Man\", 110, 1.92, \"Superheroe\", [85, 80, 110, 150], \"I am Iron Man\");\n   * ```\n   * Constructor de la clase Marvel, se heredan con super todos los atributos menos tipo, que es el atributo propio de la clase\n   * @param nombre Nombre del personaje\n   * @param peso Peso del personaje\n   * @param altura Altura del personaje\n   * @param tipo Tipo del personaje, puede ser malvado o superhéroe\n   * @param estadisticasBasicas Estadisticas básicas del personaje (Ataque, Defensa, Velocidad y HP)\n   * @param catchingPhrase Catching Phrase del personaje\n   */\n  constructor(nombre: string, peso: number, altura: number, private tipo: \"Malvado\" | \"Superheroe\", estadisticasBasicas: number[], catchingPhrase: string) {\n    super(nombre, peso, altura, estadisticasBasicas, catchingPhrase);\n  }\n\n  /**\n   * ```typescript\n   * // Ejemplo de llamada\n   *  marvel.getTipo();\n   * ```\n   * Función que retorna el tipo del personaje de Marvel\n   * @return El atributo tipo\n   */\n  public getTipo() {\n    return this.tipo;\n  }\n\n  /**\n   * ```typescript\n   * // Ejemplo de llamada\n   *  marvel.setTipo(\"Fuego\");\n   * ```\n   * Función para cambiar el tipo del del personaje de Marvel\n   * @param tipo El nuevo tipo del del personaje de Marvel\n   */\n  public setTipo(tipo: \"Malvado\" | \"Superheroe\") {\n    this.tipo = tipo;\n  }\n}\n"]},"_coverageSchema":"1a1c01bbd47fc00a2c39e90264f33305004495a9","hash":"89e1ce151cb2cd4f6001c2961797b0f8d18c3937","contentHash":"8ca02e19df5be37eb7aae8f2e661732cb92fb35d8eb0fd4d2222b550bf44cdbd"},"/home/usuario/ull-esit-inf-dsi-20-21-prct06-generics-solid-alu0101206479/src/ejercicio-1/dc.ts":{"path":"/home/usuario/ull-esit-inf-dsi-20-21-prct06-generics-solid-alu0101206479/src/ejercicio-1/dc.ts","statementMap":{"0":{"start":{"line":2,"column":0},"end":{"line":2,"column":62}},"1":{"start":{"line":3,"column":0},"end":{"line":3,"column":20}},"2":{"start":{"line":4,"column":18},"end":{"line":4,"column":38}},"3":{"start":{"line":26,"column":8},"end":{"line":26,"column":73}},"4":{"start":{"line":27,"column":8},"end":{"line":27,"column":25}},"5":{"start":{"line":38,"column":8},"end":{"line":38,"column":25}},"6":{"start":{"line":49,"column":8},"end":{"line":49,"column":25}},"7":{"start":{"line":52,"column":0},"end":{"line":52,"column":16}}},"fnMap":{"0":{"name":"(anonymous_0)","decl":{"start":{"line":25,"column":4},"end":{"line":25,"column":5}},"loc":{"start":{"line":25,"column":81},"end":{"line":28,"column":5}},"line":25},"1":{"name":"(anonymous_1)","decl":{"start":{"line":37,"column":4},"end":{"line":37,"column":5}},"loc":{"start":{"line":37,"column":14},"end":{"line":39,"column":5}},"line":37},"2":{"name":"(anonymous_2)","decl":{"start":{"line":48,"column":4},"end":{"line":48,"column":5}},"loc":{"start":{"line":48,"column":18},"end":{"line":50,"column":5}},"line":48}},"branchMap":{},"s":{"0":1,"1":1,"2":1,"3":1,"4":1,"5":0,"6":0,"7":1},"f":{"0":1,"1":0,"2":0},"b":{},"inputSourceMap":{"version":3,"file":"/home/usuario/ull-esit-inf-dsi-20-21-prct06-generics-solid-alu0101206479/src/ejercicio-1/dc.ts","sources":["/home/usuario/ull-esit-inf-dsi-20-21-prct06-generics-solid-alu0101206479/src/ejercicio-1/dc.ts"],"names":[],"mappings":";;;AAAA,uCAAkC;AAElC;;;;;;GAMG;AACH,MAAa,EAAG,SAAQ,iBAAO;IAC7B;;;;;;;;;;;OAWG;IACH,YAAY,MAAc,EAAE,IAAY,EAAE,MAAc,EAAU,IAA8B,EAAE,mBAA6B,EAAE,cAAsB;QACrJ,KAAK,CAAC,MAAM,EAAE,IAAI,EAAE,MAAM,EAAE,mBAAmB,EAAE,cAAc,CAAC,CAAC;QADD,SAAI,GAAJ,IAAI,CAA0B;IAEhG,CAAC;IAED;;;;;;;OAOG;IACI,OAAO;QACZ,OAAO,IAAI,CAAC,IAAI,CAAC;IACnB,CAAC;IAED;;;;;;;OAOG;IACI,OAAO,CAAC,IAA8B;QAC3C,IAAI,CAAC,IAAI,GAAG,IAAI,CAAC;IACnB,CAAC;CACF;AAxCD,gBAwCC","sourcesContent":["import {Figther} from \"./figther\";\n\n/**\n * ```typescript\n * // Ejemplo de creación\n *  const Batman = new DC(\"Batman\", 90, 1.90, \"Superheroe\", [90, 85, 120, 160], \"I'm the Goddamn Batman\");\n * ```\n * Clase que representa un personaje del universo DC, clase hija de la clase Figther\n */\nexport class DC extends Figther {\n  /**\n   * // Ejemplo de llamada\n   *  const Batman = new DC(\"Batman\", 90, 1.90, \"Superheroe\", [90, 85, 120, 160], \"I'm the Goddamn Batman\");\n   * ```\n   * Constructor de la clase DC, se heredan con super todos los atributos menos tipo, que es el atributo propio de la clase\n   * @param nombre Nombre del personaje\n   * @param peso Peso del personaje\n   * @param altura Altura del personaje\n   * @param tipo Tipo del personaje, puede ser malvado o superhéroe\n   * @param estadisticasBasicas Estadisticas básicas del personaje (Ataque, Defensa, Velocidad y HP)\n   * @param catchingPhrase Catching Phrase del personaje\n   */\n  constructor(nombre: string, peso: number, altura: number, private tipo: \"Malvado\" | \"Superheroe\", estadisticasBasicas: number[], catchingPhrase: string) {\n    super(nombre, peso, altura, estadisticasBasicas, catchingPhrase);\n  }\n\n  /**\n   * ```typescript\n   * // Ejemplo de llamada\n   *  dc.getTipo();\n   * ```\n   * Función que retorna el tipo del personaje de DC\n   * @return El atributo tipo\n   */\n  public getTipo() {\n    return this.tipo;\n  }\n\n  /**\n   * ```typescript\n   * // Ejemplo de llamada\n   *  dc.setTipo(\"Malvado\");\n   * ```\n   * Función para cambiar el tipo del personaje de DC\n   * @param tipo El nuevo tipo del personaje de DC\n   */\n  public setTipo(tipo: \"Malvado\" | \"Superheroe\") {\n    this.tipo = tipo;\n  }\n}\n"]},"_coverageSchema":"1a1c01bbd47fc00a2c39e90264f33305004495a9","hash":"d7c5651f16ac4c7fc85b44bfaefb40b2d13d9f83","contentHash":"6a7f263416b5ac91d90a51fc350c25b0b531d644e9888eafa6a12a96dab1aaa9"},"/home/usuario/ull-esit-inf-dsi-20-21-prct06-generics-solid-alu0101206479/src/ejercicio-1/starwars.ts":{"path":"/home/usuario/ull-esit-inf-dsi-20-21-prct06-generics-solid-alu0101206479/src/ejercicio-1/starwars.ts","statementMap":{"0":{"start":{"line":2,"column":0},"end":{"line":2,"column":62}},"1":{"start":{"line":3,"column":0},"end":{"line":3,"column":26}},"2":{"start":{"line":4,"column":18},"end":{"line":4,"column":38}},"3":{"start":{"line":26,"column":8},"end":{"line":26,"column":73}},"4":{"start":{"line":27,"column":8},"end":{"line":27,"column":37}},"5":{"start":{"line":38,"column":8},"end":{"line":38,"column":31}},"6":{"start":{"line":49,"column":8},"end":{"line":49,"column":37}},"7":{"start":{"line":52,"column":0},"end":{"line":52,"column":28}}},"fnMap":{"0":{"name":"(anonymous_0)","decl":{"start":{"line":25,"column":4},"end":{"line":25,"column":5}},"loc":{"start":{"line":25,"column":87},"end":{"line":28,"column":5}},"line":25},"1":{"name":"(anonymous_1)","decl":{"start":{"line":37,"column":4},"end":{"line":37,"column":5}},"loc":{"start":{"line":37,"column":20},"end":{"line":39,"column":5}},"line":37},"2":{"name":"(anonymous_2)","decl":{"start":{"line":48,"column":4},"end":{"line":48,"column":5}},"loc":{"start":{"line":48,"column":24},"end":{"line":50,"column":5}},"line":48}},"branchMap":{},"s":{"0":1,"1":1,"2":1,"3":1,"4":1,"5":0,"6":0,"7":1},"f":{"0":1,"1":0,"2":0},"b":{},"inputSourceMap":{"version":3,"file":"/home/usuario/ull-esit-inf-dsi-20-21-prct06-generics-solid-alu0101206479/src/ejercicio-1/starwars.ts","sources":["/home/usuario/ull-esit-inf-dsi-20-21-prct06-generics-solid-alu0101206479/src/ejercicio-1/starwars.ts"],"names":[],"mappings":";;;AAAA,uCAAkC;AAElC;;;;;;GAMG;AACH,MAAa,QAAS,SAAQ,iBAAO;IACnC;;;;;;;;;;;OAWG;IACH,YAAY,MAAc,EAAE,IAAY,EAAE,MAAc,EAAU,UAAqC,EAAE,mBAA6B,EAAE,cAAsB;QAC5J,KAAK,CAAC,MAAM,EAAE,IAAI,EAAE,MAAM,EAAE,mBAAmB,EAAE,cAAc,CAAC,CAAC;QADD,eAAU,GAAV,UAAU,CAA2B;IAEvG,CAAC;IAED;;;;;;;OAOG;IACI,aAAa;QAClB,OAAO,IAAI,CAAC,UAAU,CAAC;IACzB,CAAC;IAED;;;;;;;OAOG;IACI,OAAO,CAAC,UAAqC;QAClD,IAAI,CAAC,UAAU,GAAG,UAAU,CAAC;IAC/B,CAAC;CACF;AAxCD,4BAwCC","sourcesContent":["import {Figther} from \"./figther\";\n\n/**\n * ```typescript\n * // Ejemplo de creación\n *  const Yoda = new StarWars(\"Yoda\", 30, 1, \"Verde\", [110, 70, 150, 130], \"Do. Or do not. There is no try\");\n * ```\n * Clase que representa un personaje del universo Star Wars, clase hija de la clase Figther\n */\nexport class StarWars extends Figther {\n  /**\n   * // Ejemplo de llamada\n   *  const Yoda = new StarWars(\"Yoda\", 30, 1, \"Verde\", [110, 70, 150, 130], \"Do. Or do not. There is no try\");\n   * ```\n   * Constructor de la clase StarWars, se heredan con super todos los atributos menos colorSable, que es el atributo propio de la clase\n   * @param nombre Nombre del personaje\n   * @param peso Peso del personaje\n   * @param altura Altura del personaje\n   * @param colorSable Color del sable del personaje, puede ser azul, rojo o verde\n   * @param estadisticasBasicas Estadisticas básicas del personaje (Ataque, Defensa, Velocidad y HP)\n   * @param catchingPhrase Catching Phrase del personaje\n   */\n  constructor(nombre: string, peso: number, altura: number, private colorSable: \"Azul\" | \"Rojo\" | \"Verde\", estadisticasBasicas: number[], catchingPhrase: string) {\n    super(nombre, peso, altura, estadisticasBasicas, catchingPhrase);\n  }\n\n  /**\n   * ```typescript\n   * // Ejemplo de llamada\n   *  starwars.getColorSable();\n   * ```\n   * Función que retorna el color del sable del personaje de Star Wars\n   * @return El atributo color del sable\n   */\n  public getColorSable() {\n    return this.colorSable;\n  }\n\n  /**\n   * ```typescript\n   * // Ejemplo de llamada\n   *  starwars.setColorSable(\"Rojo\");\n   * ```\n   * Función para cambiar el color del sable del personaje de Star Wars\n   * @param tipo El nuevo color del sable del personaje de Star Wars\n   */\n  public setTipo(colorSable: \"Azul\" | \"Rojo\" | \"Verde\") {\n    this.colorSable = colorSable;\n  }\n}\n"]},"_coverageSchema":"1a1c01bbd47fc00a2c39e90264f33305004495a9","hash":"0d584bf0cd77f8ca6d34c1a964d14133d7945fd8","contentHash":"dfbec6fb94a253624617fa10ac33aacb0209dd9c41adbce4d0086e57a21958f4"},"/home/usuario/ull-esit-inf-dsi-20-21-prct06-generics-solid-alu0101206479/src/ejercicio-1/dragonball.ts":{"path":"/home/usuario/ull-esit-inf-dsi-20-21-prct06-generics-solid-alu0101206479/src/ejercicio-1/dragonball.ts","statementMap":{"0":{"start":{"line":2,"column":0},"end":{"line":2,"column":62}},"1":{"start":{"line":3,"column":0},"end":{"line":3,"column":28}},"2":{"start":{"line":4,"column":18},"end":{"line":4,"column":38}},"3":{"start":{"line":26,"column":8},"end":{"line":26,"column":73}},"4":{"start":{"line":27,"column":8},"end":{"line":27,"column":21}},"5":{"start":{"line":38,"column":8},"end":{"line":38,"column":23}},"6":{"start":{"line":49,"column":8},"end":{"line":49,"column":21}},"7":{"start":{"line":52,"column":0},"end":{"line":52,"column":32}}},"fnMap":{"0":{"name":"(anonymous_0)","decl":{"start":{"line":25,"column":4},"end":{"line":25,"column":5}},"loc":{"start":{"line":25,"column":79},"end":{"line":28,"column":5}},"line":25},"1":{"name":"(anonymous_1)","decl":{"start":{"line":37,"column":4},"end":{"line":37,"column":5}},"loc":{"start":{"line":37,"column":12},"end":{"line":39,"column":5}},"line":37},"2":{"name":"(anonymous_2)","decl":{"start":{"line":48,"column":4},"end":{"line":48,"column":5}},"loc":{"start":{"line":48,"column":16},"end":{"line":50,"column":5}},"line":48}},"branchMap":{},"s":{"0":1,"1":1,"2":1,"3":1,"4":1,"5":0,"6":0,"7":1},"f":{"0":1,"1":0,"2":0},"b":{},"inputSourceMap":{"version":3,"file":"/home/usuario/ull-esit-inf-dsi-20-21-prct06-generics-solid-alu0101206479/src/ejercicio-1/dragonball.ts","sources":["/home/usuario/ull-esit-inf-dsi-20-21-prct06-generics-solid-alu0101206479/src/ejercicio-1/dragonball.ts"],"names":[],"mappings":";;;AAAA,uCAAkC;AAElC;;;;;;GAMG;AACH,MAAa,UAAW,SAAQ,iBAAO;IACrC;;;;;;;;;;;OAWG;IACH,YAAY,MAAc,EAAE,IAAY,EAAE,MAAc,EAAU,EAAU,EAAE,mBAA6B,EAAE,cAAsB;QACjI,KAAK,CAAC,MAAM,EAAE,IAAI,EAAE,MAAM,EAAE,mBAAmB,EAAE,cAAc,CAAC,CAAC;QADD,OAAE,GAAF,EAAE,CAAQ;IAE5E,CAAC;IAED;;;;;;;OAOG;IACI,KAAK;QACV,OAAO,IAAI,CAAC,EAAE,CAAC;IACjB,CAAC;IAED;;;;;;;OAOG;IACI,OAAO,CAAC,EAAU;QACvB,IAAI,CAAC,EAAE,GAAG,EAAE,CAAC;IACf,CAAC;CACF;AAxCD,gCAwCC","sourcesContent":["import {Figther} from \"./figther\";\n\n/**\n * ```typescript\n * // Ejemplo de creación\n *  const Goku = new DragonBall(\"Goku\", 93, 1.85, 85, [105, 105, 140, 150], \"Yo! I'm Goku!\");\n * ```\n * Clase que representa un personaje del universo Dragon Ball, clase hija de la clase Figther\n */\nexport class DragonBall extends Figther {\n  /**\n   * // Ejemplo de llamada\n  *  const Goku = new DragonBall(\"Goku\", 93, 1.85, 85, [105, 105, 140, 150], \"Yo! I'm Goku!\");\n   * ```\n   * Constructor de la clase DragonBall, se heredan con super todos los atributos menos ki, que es el atributo propio de la clase\n   * @param nombre Nombre del personaje\n   * @param peso Peso del personaje\n   * @param altura Altura del personaje\n   * @param ki Ki del personaje (Nivel de poder)\n   * @param estadisticasBasicas Estadisticas básicas del personaje (Ataque, Defensa, Velocidad y HP)\n   * @param catchingPhrase Catching Phrase del personaje\n   */\n  constructor(nombre: string, peso: number, altura: number, private ki: number, estadisticasBasicas: number[], catchingPhrase: string) {\n    super(nombre, peso, altura, estadisticasBasicas, catchingPhrase);\n  }\n\n  /**\n   * ```typescript\n   * // Ejemplo de llamada\n   *  dc.getTipo();\n   * ```\n   * Función que retorna el ki del personaje de Dragon Ball\n   * @return El atributo ki\n   */\n  public getKi() {\n    return this.ki;\n  }\n\n  /**\n   * ```typescript\n   * // Ejemplo de llamada\n   *  dc.setTipo(78);\n   * ```\n   * Función para cambiar el ki del personaje de Dragon Ball\n   * @param ki El nuevo ki del personaje de Dragon Ball\n   */\n  public setTipo(ki: number) {\n    this.ki = ki;\n  }\n}\n"]},"_coverageSchema":"1a1c01bbd47fc00a2c39e90264f33305004495a9","hash":"f0e4a4ddd505e0cc1a24b41e51ffe20c35a44bad","contentHash":"67a2c5165592aec6dbc7fa08b617bb53d7dcf861d0bf87f42f87333f9df71d9e"},"/home/usuario/ull-esit-inf-dsi-20-21-prct06-generics-solid-alu0101206479/src/ejercicio-1/combat.ts":{"path":"/home/usuario/ull-esit-inf-dsi-20-21-prct06-generics-solid-alu0101206479/src/ejercicio-1/combat.ts","statementMap":{"0":{"start":{"line":2,"column":0},"end":{"line":2,"column":62}},"1":{"start":{"line":3,"column":0},"end":{"line":3,"column":24}},"2":{"start":{"line":4,"column":18},"end":{"line":4,"column":51}},"3":{"start":{"line":5,"column":17},"end":{"line":5,"column":49}},"4":{"start":{"line":6,"column":13},"end":{"line":6,"column":41}},"5":{"start":{"line":7,"column":19},"end":{"line":7,"column":53}},"6":{"start":{"line":8,"column":21},"end":{"line":8,"column":57}},"7":{"start":{"line":27,"column":8},"end":{"line":27,"column":43}},"8":{"start":{"line":28,"column":8},"end":{"line":28,"column":43}},"9":{"start":{"line":39,"column":8},"end":{"line":39,"column":34}},"10":{"start":{"line":50,"column":8},"end":{"line":50,"column":43}},"11":{"start":{"line":61,"column":8},"end":{"line":61,"column":34}},"12":{"start":{"line":72,"column":8},"end":{"line":72,"column":43}},"13":{"start":{"line":84,"column":26},"end":{"line":84,"column":27}},"14":{"start":{"line":85,"column":19},"end":{"line":85,"column":20}},"15":{"start":{"line":86,"column":8},"end":{"line":266,"column":9}},"16":{"start":{"line":88,"column":16},"end":{"line":134,"column":17}},"17":{"start":{"line":89,"column":20},"end":{"line":133,"column":21}},"18":{"start":{"line":90,"column":24},"end":{"line":90,"column":42}},"19":{"start":{"line":93,"column":24},"end":{"line":132,"column":25}},"20":{"start":{"line":95,"column":32},"end":{"line":97,"column":33}},"21":{"start":{"line":96,"column":36},"end":{"line":96,"column":52}},"22":{"start":{"line":98,"column":32},"end":{"line":100,"column":33}},"23":{"start":{"line":99,"column":36},"end":{"line":99,"column":52}},"24":{"start":{"line":101,"column":32},"end":{"line":103,"column":33}},"25":{"start":{"line":102,"column":36},"end":{"line":102,"column":54}},"26":{"start":{"line":104,"column":32},"end":{"line":104,"column":38}},"27":{"start":{"line":106,"column":32},"end":{"line":108,"column":33}},"28":{"start":{"line":107,"column":36},"end":{"line":107,"column":52}},"29":{"start":{"line":109,"column":32},"end":{"line":111,"column":33}},"30":{"start":{"line":110,"column":36},"end":{"line":110,"column":52}},"31":{"start":{"line":112,"column":32},"end":{"line":114,"column":33}},"32":{"start":{"line":113,"column":36},"end":{"line":113,"column":54}},"33":{"start":{"line":115,"column":32},"end":{"line":115,"column":38}},"34":{"start":{"line":117,"column":32},"end":{"line":119,"column":33}},"35":{"start":{"line":118,"column":36},"end":{"line":118,"column":52}},"36":{"start":{"line":120,"column":32},"end":{"line":122,"column":33}},"37":{"start":{"line":121,"column":36},"end":{"line":121,"column":52}},"38":{"start":{"line":123,"column":32},"end":{"line":123,"column":38}},"39":{"start":{"line":125,"column":32},"end":{"line":130,"column":33}},"40":{"start":{"line":126,"column":36},"end":{"line":126,"column":52}},"41":{"start":{"line":129,"column":36},"end":{"line":129,"column":54}},"42":{"start":{"line":131,"column":32},"end":{"line":131,"column":38}},"43":{"start":{"line":135,"column":16},"end":{"line":136,"column":36}},"44":{"start":{"line":136,"column":20},"end":{"line":136,"column":36}},"45":{"start":{"line":137,"column":16},"end":{"line":138,"column":36}},"46":{"start":{"line":138,"column":20},"end":{"line":138,"column":36}},"47":{"start":{"line":139,"column":16},"end":{"line":140,"column":36}},"48":{"start":{"line":140,"column":20},"end":{"line":140,"column":36}},"49":{"start":{"line":141,"column":16},"end":{"line":142,"column":36}},"50":{"start":{"line":142,"column":20},"end":{"line":142,"column":36}},"51":{"start":{"line":143,"column":16},"end":{"line":143,"column":22}},"52":{"start":{"line":145,"column":16},"end":{"line":163,"column":17}},"53":{"start":{"line":146,"column":20},"end":{"line":162,"column":21}},"54":{"start":{"line":147,"column":24},"end":{"line":147,"column":42}},"55":{"start":{"line":150,"column":24},"end":{"line":161,"column":25}},"56":{"start":{"line":152,"column":32},"end":{"line":154,"column":33}},"57":{"start":{"line":153,"column":36},"end":{"line":153,"column":52}},"58":{"start":{"line":155,"column":32},"end":{"line":155,"column":38}},"59":{"start":{"line":157,"column":32},"end":{"line":159,"column":33}},"60":{"start":{"line":158,"column":36},"end":{"line":158,"column":54}},"61":{"start":{"line":160,"column":32},"end":{"line":160,"column":38}},"62":{"start":{"line":164,"column":16},"end":{"line":165,"column":38}},"63":{"start":{"line":165,"column":20},"end":{"line":165,"column":38}},"64":{"start":{"line":166,"column":16},"end":{"line":167,"column":36}},"65":{"start":{"line":167,"column":20},"end":{"line":167,"column":36}},"66":{"start":{"line":168,"column":16},"end":{"line":169,"column":38}},"67":{"start":{"line":169,"column":20},"end":{"line":169,"column":38}},"68":{"start":{"line":170,"column":16},"end":{"line":171,"column":36}},"69":{"start":{"line":171,"column":20},"end":{"line":171,"column":36}},"70":{"start":{"line":172,"column":16},"end":{"line":172,"column":22}},"71":{"start":{"line":174,"column":16},"end":{"line":192,"column":17}},"72":{"start":{"line":175,"column":20},"end":{"line":191,"column":21}},"73":{"start":{"line":176,"column":24},"end":{"line":176,"column":42}},"74":{"start":{"line":179,"column":24},"end":{"line":190,"column":25}},"75":{"start":{"line":181,"column":32},"end":{"line":183,"column":33}},"76":{"start":{"line":182,"column":36},"end":{"line":182,"column":52}},"77":{"start":{"line":184,"column":32},"end":{"line":184,"column":38}},"78":{"start":{"line":186,"column":32},"end":{"line":188,"column":33}},"79":{"start":{"line":187,"column":36},"end":{"line":187,"column":54}},"80":{"start":{"line":189,"column":32},"end":{"line":189,"column":38}},"81":{"start":{"line":193,"column":16},"end":{"line":194,"column":36}},"82":{"start":{"line":194,"column":20},"end":{"line":194,"column":36}},"83":{"start":{"line":195,"column":16},"end":{"line":196,"column":38}},"84":{"start":{"line":196,"column":20},"end":{"line":196,"column":38}},"85":{"start":{"line":197,"column":16},"end":{"line":198,"column":36}},"86":{"start":{"line":198,"column":20},"end":{"line":198,"column":36}},"87":{"start":{"line":199,"column":16},"end":{"line":200,"column":38}},"88":{"start":{"line":200,"column":20},"end":{"line":200,"column":38}},"89":{"start":{"line":201,"column":16},"end":{"line":201,"column":22}},"90":{"start":{"line":203,"column":16},"end":{"line":235,"column":17}},"91":{"start":{"line":204,"column":20},"end":{"line":234,"column":21}},"92":{"start":{"line":205,"column":24},"end":{"line":205,"column":42}},"93":{"start":{"line":208,"column":24},"end":{"line":233,"column":25}},"94":{"start":{"line":210,"column":32},"end":{"line":212,"column":33}},"95":{"start":{"line":211,"column":36},"end":{"line":211,"column":52}},"96":{"start":{"line":213,"column":32},"end":{"line":215,"column":33}},"97":{"start":{"line":214,"column":36},"end":{"line":214,"column":54}},"98":{"start":{"line":216,"column":32},"end":{"line":216,"column":38}},"99":{"start":{"line":218,"column":32},"end":{"line":220,"column":33}},"100":{"start":{"line":219,"column":36},"end":{"line":219,"column":52}},"101":{"start":{"line":221,"column":32},"end":{"line":223,"column":33}},"102":{"start":{"line":222,"column":36},"end":{"line":222,"column":54}},"103":{"start":{"line":224,"column":32},"end":{"line":224,"column":38}},"104":{"start":{"line":226,"column":32},"end":{"line":228,"column":33}},"105":{"start":{"line":227,"column":36},"end":{"line":227,"column":52}},"106":{"start":{"line":229,"column":32},"end":{"line":231,"column":33}},"107":{"start":{"line":230,"column":36},"end":{"line":230,"column":52}},"108":{"start":{"line":232,"column":32},"end":{"line":232,"column":38}},"109":{"start":{"line":236,"column":16},"end":{"line":237,"column":38}},"110":{"start":{"line":237,"column":20},"end":{"line":237,"column":38}},"111":{"start":{"line":238,"column":16},"end":{"line":239,"column":36}},"112":{"start":{"line":239,"column":20},"end":{"line":239,"column":36}},"113":{"start":{"line":240,"column":16},"end":{"line":241,"column":38}},"114":{"start":{"line":241,"column":20},"end":{"line":241,"column":38}},"115":{"start":{"line":242,"column":16},"end":{"line":243,"column":36}},"116":{"start":{"line":243,"column":20},"end":{"line":243,"column":36}},"117":{"start":{"line":244,"column":16},"end":{"line":244,"column":22}},"118":{"start":{"line":246,"column":16},"end":{"line":256,"column":17}},"119":{"start":{"line":247,"column":20},"end":{"line":249,"column":21}},"120":{"start":{"line":248,"column":24},"end":{"line":248,"column":40}},"121":{"start":{"line":250,"column":20},"end":{"line":252,"column":21}},"122":{"start":{"line":251,"column":24},"end":{"line":251,"column":42}},"123":{"start":{"line":253,"column":20},"end":{"line":255,"column":21}},"124":{"start":{"line":254,"column":24},"end":{"line":254,"column":40}},"125":{"start":{"line":257,"column":16},"end":{"line":258,"column":36}},"126":{"start":{"line":258,"column":20},"end":{"line":258,"column":36}},"127":{"start":{"line":259,"column":16},"end":{"line":260,"column":36}},"128":{"start":{"line":260,"column":20},"end":{"line":260,"column":36}},"129":{"start":{"line":261,"column":16},"end":{"line":262,"column":36}},"130":{"start":{"line":262,"column":20},"end":{"line":262,"column":36}},"131":{"start":{"line":263,"column":16},"end":{"line":264,"column":38}},"132":{"start":{"line":264,"column":20},"end":{"line":264,"column":38}},"133":{"start":{"line":265,"column":16},"end":{"line":265,"column":22}},"134":{"start":{"line":267,"column":8},"end":{"line":280,"column":9}},"135":{"start":{"line":268,"column":12},"end":{"line":268,"column":145}},"136":{"start":{"line":271,"column":12},"end":{"line":278,"column":13}},"137":{"start":{"line":272,"column":16},"end":{"line":272,"column":34}},"138":{"start":{"line":275,"column":16},"end":{"line":277,"column":17}},"139":{"start":{"line":276,"column":20},"end":{"line":276,"column":36}},"140":{"start":{"line":279,"column":12},"end":{"line":279,"column":145}},"141":{"start":{"line":281,"column":8},"end":{"line":281,"column":20}},"142":{"start":{"line":291,"column":16},"end":{"line":291,"column":17}},"143":{"start":{"line":292,"column":19},"end":{"line":292,"column":20}},"144":{"start":{"line":293,"column":8},"end":{"line":293,"column":206}},"145":{"start":{"line":294,"column":8},"end":{"line":327,"column":9}},"146":{"start":{"line":295,"column":12},"end":{"line":326,"column":13}},"147":{"start":{"line":296,"column":16},"end":{"line":296,"column":114}},"148":{"start":{"line":297,"column":16},"end":{"line":297,"column":54}},"149":{"start":{"line":298,"column":16},"end":{"line":303,"column":17}},"150":{"start":{"line":299,"column":20},"end":{"line":299,"column":100}},"151":{"start":{"line":302,"column":20},"end":{"line":302,"column":48}},"152":{"start":{"line":304,"column":16},"end":{"line":304,"column":207}},"153":{"start":{"line":305,"column":16},"end":{"line":305,"column":22}},"154":{"start":{"line":306,"column":16},"end":{"line":309,"column":17}},"155":{"start":{"line":307,"column":20},"end":{"line":307,"column":111}},"156":{"start":{"line":308,"column":20},"end":{"line":308,"column":26}},"157":{"start":{"line":312,"column":16},"end":{"line":312,"column":114}},"158":{"start":{"line":313,"column":16},"end":{"line":313,"column":54}},"159":{"start":{"line":314,"column":16},"end":{"line":319,"column":17}},"160":{"start":{"line":315,"column":20},"end":{"line":315,"column":100}},"161":{"start":{"line":318,"column":20},"end":{"line":318,"column":48}},"162":{"start":{"line":320,"column":16},"end":{"line":320,"column":207}},"163":{"start":{"line":321,"column":16},"end":{"line":321,"column":22}},"164":{"start":{"line":322,"column":16},"end":{"line":325,"column":17}},"165":{"start":{"line":323,"column":20},"end":{"line":323,"column":111}},"166":{"start":{"line":324,"column":20},"end":{"line":324,"column":26}},"167":{"start":{"line":330,"column":0},"end":{"line":330,"column":24}}},"fnMap":{"0":{"name":"(anonymous_0)","decl":{"start":{"line":26,"column":4},"end":{"line":26,"column":5}},"loc":{"start":{"line":26,"column":46},"end":{"line":29,"column":5}},"line":26},"1":{"name":"(anonymous_1)","decl":{"start":{"line":38,"column":4},"end":{"line":38,"column":5}},"loc":{"start":{"line":38,"column":23},"end":{"line":40,"column":5}},"line":38},"2":{"name":"(anonymous_2)","decl":{"start":{"line":49,"column":4},"end":{"line":49,"column":5}},"loc":{"start":{"line":49,"column":35},"end":{"line":51,"column":5}},"line":49},"3":{"name":"(anonymous_3)","decl":{"start":{"line":60,"column":4},"end":{"line":60,"column":5}},"loc":{"start":{"line":60,"column":23},"end":{"line":62,"column":5}},"line":60},"4":{"name":"(anonymous_4)","decl":{"start":{"line":71,"column":4},"end":{"line":71,"column":5}},"loc":{"start":{"line":71,"column":35},"end":{"line":73,"column":5}},"line":71},"5":{"name":"(anonymous_5)","decl":{"start":{"line":83,"column":4},"end":{"line":83,"column":5}},"loc":{"start":{"line":83,"column":34},"end":{"line":282,"column":5}},"line":83},"6":{"name":"(anonymous_6)","decl":{"start":{"line":290,"column":4},"end":{"line":290,"column":5}},"loc":{"start":{"line":290,"column":12},"end":{"line":328,"column":5}},"line":290}},"branchMap":{"0":{"loc":{"start":{"line":86,"column":8},"end":{"line":266,"column":9}},"type":"switch","locations":[{"start":{"line":87,"column":12},"end":{"line":143,"column":22}},{"start":{"line":144,"column":12},"end":{"line":172,"column":22}},{"start":{"line":173,"column":12},"end":{"line":201,"column":22}},{"start":{"line":202,"column":12},"end":{"line":244,"column":22}},{"start":{"line":245,"column":12},"end":{"line":265,"column":22}}],"line":86},"1":{"loc":{"start":{"line":88,"column":16},"end":{"line":134,"column":17}},"type":"if","locations":[{"start":{"line":88,"column":16},"end":{"line":134,"column":17}},{"start":{"line":88,"column":16},"end":{"line":134,"column":17}}],"line":88},"2":{"loc":{"start":{"line":88,"column":20},"end":{"line":88,"column":118}},"type":"binary-expr","locations":[{"start":{"line":88,"column":20},"end":{"line":88,"column":67}},{"start":{"line":88,"column":71},"end":{"line":88,"column":118}}],"line":88},"3":{"loc":{"start":{"line":89,"column":20},"end":{"line":133,"column":21}},"type":"if","locations":[{"start":{"line":89,"column":20},"end":{"line":133,"column":21}},{"start":{"line":89,"column":20},"end":{"line":133,"column":21}}],"line":89},"4":{"loc":{"start":{"line":93,"column":24},"end":{"line":132,"column":25}},"type":"switch","locations":[{"start":{"line":94,"column":28},"end":{"line":104,"column":38}},{"start":{"line":105,"column":28},"end":{"line":115,"column":38}},{"start":{"line":116,"column":28},"end":{"line":123,"column":38}},{"start":{"line":124,"column":28},"end":{"line":131,"column":38}}],"line":93},"5":{"loc":{"start":{"line":95,"column":32},"end":{"line":97,"column":33}},"type":"if","locations":[{"start":{"line":95,"column":32},"end":{"line":97,"column":33}},{"start":{"line":95,"column":32},"end":{"line":97,"column":33}}],"line":95},"6":{"loc":{"start":{"line":98,"column":32},"end":{"line":100,"column":33}},"type":"if","locations":[{"start":{"line":98,"column":32},"end":{"line":100,"column":33}},{"start":{"line":98,"column":32},"end":{"line":100,"column":33}}],"line":98},"7":{"loc":{"start":{"line":101,"column":32},"end":{"line":103,"column":33}},"type":"if","locations":[{"start":{"line":101,"column":32},"end":{"line":103,"column":33}},{"start":{"line":101,"column":32},"end":{"line":103,"column":33}}],"line":101},"8":{"loc":{"start":{"line":106,"column":32},"end":{"line":108,"column":33}},"type":"if","locations":[{"start":{"line":106,"column":32},"end":{"line":108,"column":33}},{"start":{"line":106,"column":32},"end":{"line":108,"column":33}}],"line":106},"9":{"loc":{"start":{"line":109,"column":32},"end":{"line":111,"column":33}},"type":"if","locations":[{"start":{"line":109,"column":32},"end":{"line":111,"column":33}},{"start":{"line":109,"column":32},"end":{"line":111,"column":33}}],"line":109},"10":{"loc":{"start":{"line":112,"column":32},"end":{"line":114,"column":33}},"type":"if","locations":[{"start":{"line":112,"column":32},"end":{"line":114,"column":33}},{"start":{"line":112,"column":32},"end":{"line":114,"column":33}}],"line":112},"11":{"loc":{"start":{"line":117,"column":32},"end":{"line":119,"column":33}},"type":"if","locations":[{"start":{"line":117,"column":32},"end":{"line":119,"column":33}},{"start":{"line":117,"column":32},"end":{"line":119,"column":33}}],"line":117},"12":{"loc":{"start":{"line":120,"column":32},"end":{"line":122,"column":33}},"type":"if","locations":[{"start":{"line":120,"column":32},"end":{"line":122,"column":33}},{"start":{"line":120,"column":32},"end":{"line":122,"column":33}}],"line":120},"13":{"loc":{"start":{"line":120,"column":36},"end":{"line":120,"column":123}},"type":"binary-expr","locations":[{"start":{"line":120,"column":37},"end":{"line":120,"column":76}},{"start":{"line":120,"column":82},"end":{"line":120,"column":122}}],"line":120},"14":{"loc":{"start":{"line":125,"column":32},"end":{"line":130,"column":33}},"type":"if","locations":[{"start":{"line":125,"column":32},"end":{"line":130,"column":33}},{"start":{"line":125,"column":32},"end":{"line":130,"column":33}}],"line":125},"15":{"loc":{"start":{"line":135,"column":16},"end":{"line":136,"column":36}},"type":"if","locations":[{"start":{"line":135,"column":16},"end":{"line":136,"column":36}},{"start":{"line":135,"column":16},"end":{"line":136,"column":36}}],"line":135},"16":{"loc":{"start":{"line":137,"column":16},"end":{"line":138,"column":36}},"type":"if","locations":[{"start":{"line":137,"column":16},"end":{"line":138,"column":36}},{"start":{"line":137,"column":16},"end":{"line":138,"column":36}}],"line":137},"17":{"loc":{"start":{"line":139,"column":16},"end":{"line":140,"column":36}},"type":"if","locations":[{"start":{"line":139,"column":16},"end":{"line":140,"column":36}},{"start":{"line":139,"column":16},"end":{"line":140,"column":36}}],"line":139},"18":{"loc":{"start":{"line":141,"column":16},"end":{"line":142,"column":36}},"type":"if","locations":[{"start":{"line":141,"column":16},"end":{"line":142,"column":36}},{"start":{"line":141,"column":16},"end":{"line":142,"column":36}}],"line":141},"19":{"loc":{"start":{"line":145,"column":16},"end":{"line":163,"column":17}},"type":"if","locations":[{"start":{"line":145,"column":16},"end":{"line":163,"column":17}},{"start":{"line":145,"column":16},"end":{"line":163,"column":17}}],"line":145},"20":{"loc":{"start":{"line":145,"column":20},"end":{"line":145,"column":114}},"type":"binary-expr","locations":[{"start":{"line":145,"column":20},"end":{"line":145,"column":65}},{"start":{"line":145,"column":69},"end":{"line":145,"column":114}}],"line":145},"21":{"loc":{"start":{"line":146,"column":20},"end":{"line":162,"column":21}},"type":"if","locations":[{"start":{"line":146,"column":20},"end":{"line":162,"column":21}},{"start":{"line":146,"column":20},"end":{"line":162,"column":21}}],"line":146},"22":{"loc":{"start":{"line":150,"column":24},"end":{"line":161,"column":25}},"type":"switch","locations":[{"start":{"line":151,"column":28},"end":{"line":155,"column":38}},{"start":{"line":156,"column":28},"end":{"line":160,"column":38}}],"line":150},"23":{"loc":{"start":{"line":152,"column":32},"end":{"line":154,"column":33}},"type":"if","locations":[{"start":{"line":152,"column":32},"end":{"line":154,"column":33}},{"start":{"line":152,"column":32},"end":{"line":154,"column":33}}],"line":152},"24":{"loc":{"start":{"line":157,"column":32},"end":{"line":159,"column":33}},"type":"if","locations":[{"start":{"line":157,"column":32},"end":{"line":159,"column":33}},{"start":{"line":157,"column":32},"end":{"line":159,"column":33}}],"line":157},"25":{"loc":{"start":{"line":164,"column":16},"end":{"line":165,"column":38}},"type":"if","locations":[{"start":{"line":164,"column":16},"end":{"line":165,"column":38}},{"start":{"line":164,"column":16},"end":{"line":165,"column":38}}],"line":164},"26":{"loc":{"start":{"line":166,"column":16},"end":{"line":167,"column":36}},"type":"if","locations":[{"start":{"line":166,"column":16},"end":{"line":167,"column":36}},{"start":{"line":166,"column":16},"end":{"line":167,"column":36}}],"line":166},"27":{"loc":{"start":{"line":168,"column":16},"end":{"line":169,"column":38}},"type":"if","locations":[{"start":{"line":168,"column":16},"end":{"line":169,"column":38}},{"start":{"line":168,"column":16},"end":{"line":169,"column":38}}],"line":168},"28":{"loc":{"start":{"line":170,"column":16},"end":{"line":171,"column":36}},"type":"if","locations":[{"start":{"line":170,"column":16},"end":{"line":171,"column":36}},{"start":{"line":170,"column":16},"end":{"line":171,"column":36}}],"line":170},"29":{"loc":{"start":{"line":174,"column":16},"end":{"line":192,"column":17}},"type":"if","locations":[{"start":{"line":174,"column":16},"end":{"line":192,"column":17}},{"start":{"line":174,"column":16},"end":{"line":192,"column":17}}],"line":174},"30":{"loc":{"start":{"line":174,"column":20},"end":{"line":174,"column":98}},"type":"binary-expr","locations":[{"start":{"line":174,"column":20},"end":{"line":174,"column":57}},{"start":{"line":174,"column":61},"end":{"line":174,"column":98}}],"line":174},"31":{"loc":{"start":{"line":175,"column":20},"end":{"line":191,"column":21}},"type":"if","locations":[{"start":{"line":175,"column":20},"end":{"line":191,"column":21}},{"start":{"line":175,"column":20},"end":{"line":191,"column":21}}],"line":175},"32":{"loc":{"start":{"line":179,"column":24},"end":{"line":190,"column":25}},"type":"switch","locations":[{"start":{"line":180,"column":28},"end":{"line":184,"column":38}},{"start":{"line":185,"column":28},"end":{"line":189,"column":38}}],"line":179},"33":{"loc":{"start":{"line":181,"column":32},"end":{"line":183,"column":33}},"type":"if","locations":[{"start":{"line":181,"column":32},"end":{"line":183,"column":33}},{"start":{"line":181,"column":32},"end":{"line":183,"column":33}}],"line":181},"34":{"loc":{"start":{"line":186,"column":32},"end":{"line":188,"column":33}},"type":"if","locations":[{"start":{"line":186,"column":32},"end":{"line":188,"column":33}},{"start":{"line":186,"column":32},"end":{"line":188,"column":33}}],"line":186},"35":{"loc":{"start":{"line":193,"column":16},"end":{"line":194,"column":36}},"type":"if","locations":[{"start":{"line":193,"column":16},"end":{"line":194,"column":36}},{"start":{"line":193,"column":16},"end":{"line":194,"column":36}}],"line":193},"36":{"loc":{"start":{"line":195,"column":16},"end":{"line":196,"column":38}},"type":"if","locations":[{"start":{"line":195,"column":16},"end":{"line":196,"column":38}},{"start":{"line":195,"column":16},"end":{"line":196,"column":38}}],"line":195},"37":{"loc":{"start":{"line":197,"column":16},"end":{"line":198,"column":36}},"type":"if","locations":[{"start":{"line":197,"column":16},"end":{"line":198,"column":36}},{"start":{"line":197,"column":16},"end":{"line":198,"column":36}}],"line":197},"38":{"loc":{"start":{"line":199,"column":16},"end":{"line":200,"column":38}},"type":"if","locations":[{"start":{"line":199,"column":16},"end":{"line":200,"column":38}},{"start":{"line":199,"column":16},"end":{"line":200,"column":38}}],"line":199},"39":{"loc":{"start":{"line":203,"column":16},"end":{"line":235,"column":17}},"type":"if","locations":[{"start":{"line":203,"column":16},"end":{"line":235,"column":17}},{"start":{"line":203,"column":16},"end":{"line":235,"column":17}}],"line":203},"40":{"loc":{"start":{"line":203,"column":20},"end":{"line":203,"column":122}},"type":"binary-expr","locations":[{"start":{"line":203,"column":20},"end":{"line":203,"column":69}},{"start":{"line":203,"column":73},"end":{"line":203,"column":122}}],"line":203},"41":{"loc":{"start":{"line":204,"column":20},"end":{"line":234,"column":21}},"type":"if","locations":[{"start":{"line":204,"column":20},"end":{"line":234,"column":21}},{"start":{"line":204,"column":20},"end":{"line":234,"column":21}}],"line":204},"42":{"loc":{"start":{"line":208,"column":24},"end":{"line":233,"column":25}},"type":"switch","locations":[{"start":{"line":209,"column":28},"end":{"line":216,"column":38}},{"start":{"line":217,"column":28},"end":{"line":224,"column":38}},{"start":{"line":225,"column":28},"end":{"line":232,"column":38}}],"line":208},"43":{"loc":{"start":{"line":210,"column":32},"end":{"line":212,"column":33}},"type":"if","locations":[{"start":{"line":210,"column":32},"end":{"line":212,"column":33}},{"start":{"line":210,"column":32},"end":{"line":212,"column":33}}],"line":210},"44":{"loc":{"start":{"line":213,"column":32},"end":{"line":215,"column":33}},"type":"if","locations":[{"start":{"line":213,"column":32},"end":{"line":215,"column":33}},{"start":{"line":213,"column":32},"end":{"line":215,"column":33}}],"line":213},"45":{"loc":{"start":{"line":218,"column":32},"end":{"line":220,"column":33}},"type":"if","locations":[{"start":{"line":218,"column":32},"end":{"line":220,"column":33}},{"start":{"line":218,"column":32},"end":{"line":220,"column":33}}],"line":218},"46":{"loc":{"start":{"line":221,"column":32},"end":{"line":223,"column":33}},"type":"if","locations":[{"start":{"line":221,"column":32},"end":{"line":223,"column":33}},{"start":{"line":221,"column":32},"end":{"line":223,"column":33}}],"line":221},"47":{"loc":{"start":{"line":226,"column":32},"end":{"line":228,"column":33}},"type":"if","locations":[{"start":{"line":226,"column":32},"end":{"line":228,"column":33}},{"start":{"line":226,"column":32},"end":{"line":228,"column":33}}],"line":226},"48":{"loc":{"start":{"line":229,"column":32},"end":{"line":231,"column":33}},"type":"if","locations":[{"start":{"line":229,"column":32},"end":{"line":231,"column":33}},{"start":{"line":229,"column":32},"end":{"line":231,"column":33}}],"line":229},"49":{"loc":{"start":{"line":236,"column":16},"end":{"line":237,"column":38}},"type":"if","locations":[{"start":{"line":236,"column":16},"end":{"line":237,"column":38}},{"start":{"line":236,"column":16},"end":{"line":237,"column":38}}],"line":236},"50":{"loc":{"start":{"line":238,"column":16},"end":{"line":239,"column":36}},"type":"if","locations":[{"start":{"line":238,"column":16},"end":{"line":239,"column":36}},{"start":{"line":238,"column":16},"end":{"line":239,"column":36}}],"line":238},"51":{"loc":{"start":{"line":240,"column":16},"end":{"line":241,"column":38}},"type":"if","locations":[{"start":{"line":240,"column":16},"end":{"line":241,"column":38}},{"start":{"line":240,"column":16},"end":{"line":241,"column":38}}],"line":240},"52":{"loc":{"start":{"line":242,"column":16},"end":{"line":243,"column":36}},"type":"if","locations":[{"start":{"line":242,"column":16},"end":{"line":243,"column":36}},{"start":{"line":242,"column":16},"end":{"line":243,"column":36}}],"line":242},"53":{"loc":{"start":{"line":246,"column":16},"end":{"line":256,"column":17}},"type":"if","locations":[{"start":{"line":246,"column":16},"end":{"line":256,"column":17}},{"start":{"line":246,"column":16},"end":{"line":256,"column":17}}],"line":246},"54":{"loc":{"start":{"line":246,"column":20},"end":{"line":246,"column":130}},"type":"binary-expr","locations":[{"start":{"line":246,"column":20},"end":{"line":246,"column":73}},{"start":{"line":246,"column":77},"end":{"line":246,"column":130}}],"line":246},"55":{"loc":{"start":{"line":247,"column":20},"end":{"line":249,"column":21}},"type":"if","locations":[{"start":{"line":247,"column":20},"end":{"line":249,"column":21}},{"start":{"line":247,"column":20},"end":{"line":249,"column":21}}],"line":247},"56":{"loc":{"start":{"line":250,"column":20},"end":{"line":252,"column":21}},"type":"if","locations":[{"start":{"line":250,"column":20},"end":{"line":252,"column":21}},{"start":{"line":250,"column":20},"end":{"line":252,"column":21}}],"line":250},"57":{"loc":{"start":{"line":253,"column":20},"end":{"line":255,"column":21}},"type":"if","locations":[{"start":{"line":253,"column":20},"end":{"line":255,"column":21}},{"start":{"line":253,"column":20},"end":{"line":255,"column":21}}],"line":253},"58":{"loc":{"start":{"line":257,"column":16},"end":{"line":258,"column":36}},"type":"if","locations":[{"start":{"line":257,"column":16},"end":{"line":258,"column":36}},{"start":{"line":257,"column":16},"end":{"line":258,"column":36}}],"line":257},"59":{"loc":{"start":{"line":259,"column":16},"end":{"line":260,"column":36}},"type":"if","locations":[{"start":{"line":259,"column":16},"end":{"line":260,"column":36}},{"start":{"line":259,"column":16},"end":{"line":260,"column":36}}],"line":259},"60":{"loc":{"start":{"line":261,"column":16},"end":{"line":262,"column":36}},"type":"if","locations":[{"start":{"line":261,"column":16},"end":{"line":262,"column":36}},{"start":{"line":261,"column":16},"end":{"line":262,"column":36}}],"line":261},"61":{"loc":{"start":{"line":263,"column":16},"end":{"line":264,"column":38}},"type":"if","locations":[{"start":{"line":263,"column":16},"end":{"line":264,"column":38}},{"start":{"line":263,"column":16},"end":{"line":264,"column":38}}],"line":263},"62":{"loc":{"start":{"line":267,"column":8},"end":{"line":280,"column":9}},"type":"if","locations":[{"start":{"line":267,"column":8},"end":{"line":280,"column":9}},{"start":{"line":267,"column":8},"end":{"line":280,"column":9}}],"line":267},"63":{"loc":{"start":{"line":271,"column":12},"end":{"line":278,"column":13}},"type":"if","locations":[{"start":{"line":271,"column":12},"end":{"line":278,"column":13}},{"start":{"line":271,"column":12},"end":{"line":278,"column":13}}],"line":271},"64":{"loc":{"start":{"line":275,"column":16},"end":{"line":277,"column":17}},"type":"if","locations":[{"start":{"line":275,"column":16},"end":{"line":277,"column":17}},{"start":{"line":275,"column":16},"end":{"line":277,"column":17}}],"line":275},"65":{"loc":{"start":{"line":295,"column":12},"end":{"line":326,"column":13}},"type":"if","locations":[{"start":{"line":295,"column":12},"end":{"line":326,"column":13}},{"start":{"line":295,"column":12},"end":{"line":326,"column":13}}],"line":295},"66":{"loc":{"start":{"line":298,"column":16},"end":{"line":303,"column":17}},"type":"if","locations":[{"start":{"line":298,"column":16},"end":{"line":303,"column":17}},{"start":{"line":298,"column":16},"end":{"line":303,"column":17}}],"line":298},"67":{"loc":{"start":{"line":306,"column":16},"end":{"line":309,"column":17}},"type":"if","locations":[{"start":{"line":306,"column":16},"end":{"line":309,"column":17}},{"start":{"line":306,"column":16},"end":{"line":309,"column":17}}],"line":306},"68":{"loc":{"start":{"line":314,"column":16},"end":{"line":319,"column":17}},"type":"if","locations":[{"start":{"line":314,"column":16},"end":{"line":319,"column":17}},{"start":{"line":314,"column":16},"end":{"line":319,"column":17}}],"line":314},"69":{"loc":{"start":{"line":322,"column":16},"end":{"line":325,"column":17}},"type":"if","locations":[{"start":{"line":322,"column":16},"end":{"line":325,"column":17}},{"start":{"line":322,"column":16},"end":{"line":325,"column":17}}],"line":322}},"s":{"0":1,"1":1,"2":1,"3":1,"4":1,"5":1,"6":1,"7":5,"8":5,"9":2,"10":2,"11":2,"12":2,"13":15,"14":15,"15":15,"16":2,"17":0,"18":0,"19":0,"20":0,"21":0,"22":0,"23":0,"24":0,"25":0,"26":0,"27":0,"28":0,"29":0,"30":0,"31":0,"32":0,"33":0,"34":0,"35":0,"36":0,"37":0,"38":0,"39":0,"40":0,"41":0,"42":0,"43":2,"44":2,"45":2,"46":0,"47":2,"48":0,"49":2,"50":0,"51":2,"52":8,"53":0,"54":0,"55":0,"56":0,"57":0,"58":0,"59":0,"60":0,"61":0,"62":8,"63":1,"64":8,"65":0,"66":8,"67":0,"68":8,"69":7,"70":8,"71":4,"72":0,"73":0,"74":0,"75":0,"76":0,"77":0,"78":0,"79":0,"80":0,"81":4,"82":0,"83":4,"84":0,"85":4,"86":4,"87":4,"88":0,"89":4,"90":0,"91":0,"92":0,"93":0,"94":0,"95":0,"96":0,"97":0,"98":0,"99":0,"100":0,"101":0,"102":0,"103":0,"104":0,"105":0,"106":0,"107":0,"108":0,"109":0,"110":0,"111":0,"112":0,"113":0,"114":0,"115":0,"116":0,"117":0,"118":1,"119":0,"120":0,"121":0,"122":0,"123":0,"124":0,"125":1,"126":0,"127":1,"128":0,"129":1,"130":0,"131":1,"132":1,"133":1,"134":15,"135":8,"136":7,"137":3,"138":4,"139":0,"140":7,"141":15,"142":2,"143":2,"144":2,"145":2,"146":9,"147":5,"148":5,"149":5,"150":4,"151":1,"152":5,"153":5,"154":5,"155":1,"156":1,"157":4,"158":4,"159":4,"160":3,"161":1,"162":4,"163":4,"164":4,"165":1,"166":1,"167":1},"f":{"0":5,"1":2,"2":2,"3":2,"4":2,"5":15,"6":2},"b":{"0":[2,8,4,0,1],"1":[0,2],"2":[2,2],"3":[0,0],"4":[0,0,0,0],"5":[0,0],"6":[0,0],"7":[0,0],"8":[0,0],"9":[0,0],"10":[0,0],"11":[0,0],"12":[0,0],"13":[0,0],"14":[0,0],"15":[2,0],"16":[0,2],"17":[0,2],"18":[0,2],"19":[0,8],"20":[8,8],"21":[0,0],"22":[0,0],"23":[0,0],"24":[0,0],"25":[1,7],"26":[0,8],"27":[0,8],"28":[7,1],"29":[0,4],"30":[4,4],"31":[0,0],"32":[0,0],"33":[0,0],"34":[0,0],"35":[0,4],"36":[0,4],"37":[4,0],"38":[0,4],"39":[0,0],"40":[0,0],"41":[0,0],"42":[0,0,0],"43":[0,0],"44":[0,0],"45":[0,0],"46":[0,0],"47":[0,0],"48":[0,0],"49":[0,0],"50":[0,0],"51":[0,0],"52":[0,0],"53":[0,1],"54":[1,1],"55":[0,0],"56":[0,0],"57":[0,0],"58":[0,1],"59":[0,1],"60":[0,1],"61":[1,0],"62":[8,7],"63":[3,4],"64":[0,4],"65":[5,4],"66":[4,1],"67":[1,4],"68":[3,1],"69":[1,3]},"inputSourceMap":{"version":3,"file":"/home/usuario/ull-esit-inf-dsi-20-21-prct06-generics-solid-alu0101206479/src/ejercicio-1/combat.ts","sources":["/home/usuario/ull-esit-inf-dsi-20-21-prct06-generics-solid-alu0101206479/src/ejercicio-1/combat.ts"],"names":[],"mappings":";;;AACA,oDAA+C;AAC/C,kDAA6C;AAC7C,0CAAqC;AACrC,sDAAiD;AACjD,0DAAqD;AAErD;;;;;;GAMG;AACH,MAAa,MAAM;IACjB;;;;;;;;OAQG;IACH,YAAoB,aAAsB,EAAU,aAAsB;QAAtD,kBAAa,GAAb,aAAa,CAAS;QAAU,kBAAa,GAAb,aAAa,CAAS;IAAG,CAAC;IAE9E;;;;;;;OAOG;IACI,gBAAgB;QACrB,OAAO,IAAI,CAAC,aAAa,CAAC;IAC5B,CAAC;IAED;;;;;;;OAOG;IACI,eAAe,CAAC,aAAsB;QAC3C,IAAI,CAAC,aAAa,GAAG,aAAa,CAAC;IACrC,CAAC;IAED;;;;;;;OAOG;IACI,gBAAgB;QACrB,OAAO,IAAI,CAAC,aAAa,CAAC;IAC5B,CAAC;IAED;;;;;;;OAOG;IACI,eAAe,CAAC,aAAsB;QAC3C,IAAI,CAAC,aAAa,GAAG,aAAa,CAAC;IACrC,CAAC;IAED;;;;;;;;OAQG;IACI,UAAU,CAAC,iBAAyB;QACzC,IAAI,WAAW,GAAW,CAAC,CAAC;QAC5B,IAAI,IAAI,GAAW,CAAC,CAAC;QAErB,QAAQ,IAAI,CAAC,aAAa,CAAC,WAAW,EAAE;YACtC,KAAK,iBAAO;gBACV,IAAI,IAAI,CAAC,aAAa,YAAY,iBAAO,IAAI,IAAI,CAAC,aAAa,YAAY,iBAAO,EAAE;oBAClF,IAAI,IAAI,CAAC,aAAa,CAAC,OAAO,EAAE,IAAI,IAAI,CAAC,aAAa,CAAC,OAAO,EAAE,EAAE;wBAChE,WAAW,GAAG,GAAG,CAAC;qBACnB;yBAAM;wBACL,QAAQ,IAAI,CAAC,aAAa,CAAC,OAAO,EAAE,EAAE;4BACpC,KAAK,OAAO;gCACV,IAAI,IAAI,CAAC,aAAa,CAAC,OAAO,EAAE,IAAI,QAAQ,EAAE;oCAC5C,WAAW,GAAG,CAAC,CAAC;iCACjB;gCACD,IAAI,IAAI,CAAC,aAAa,CAAC,OAAO,EAAE,IAAI,WAAW,EAAE;oCAC/C,WAAW,GAAG,CAAC,CAAC;iCACjB;gCACD,IAAI,IAAI,CAAC,aAAa,CAAC,OAAO,EAAE,IAAI,MAAM,EAAE;oCAC1C,WAAW,GAAG,GAAG,CAAC;iCACnB;gCACD,MAAM;4BAER,KAAK,QAAQ;gCACX,IAAI,IAAI,CAAC,aAAa,CAAC,OAAO,EAAE,IAAI,MAAM,EAAE;oCAC1C,WAAW,GAAG,CAAC,CAAC;iCACjB;gCACD,IAAI,IAAI,CAAC,aAAa,CAAC,OAAO,EAAE,IAAI,WAAW,EAAE;oCAC/C,WAAW,GAAG,CAAC,CAAC;iCACjB;gCACD,IAAI,IAAI,CAAC,aAAa,CAAC,OAAO,EAAE,IAAI,OAAO,EAAE;oCAC3C,WAAW,GAAG,GAAG,CAAC;iCACnB;gCACD,MAAM;4BAER,KAAK,WAAW;gCACd,IAAI,IAAI,CAAC,aAAa,CAAC,OAAO,EAAE,IAAI,MAAM,EAAE;oCAC1C,WAAW,GAAG,CAAC,CAAC;iCACjB;gCACD,IAAI,CAAC,IAAI,CAAC,aAAa,CAAC,OAAO,EAAE,IAAI,OAAO,CAAC,IAAI,CAAC,IAAI,CAAC,aAAa,CAAC,OAAO,EAAE,IAAI,QAAQ,CAAC,EAAE;oCAC3F,WAAW,GAAG,CAAC,CAAC;iCACjB;gCACD,MAAM;4BAER,KAAK,MAAM;gCACT,IAAI,IAAI,CAAC,aAAa,CAAC,OAAO,EAAE,IAAI,OAAO,EAAE;oCAC3C,WAAW,GAAG,CAAC,CAAC;iCACjB;qCAAM;oCACL,WAAW,GAAG,GAAG,CAAC;iCACnB;gCACD,MAAM;yBACT;qBACF;iBACF;gBAED,IAAI,IAAI,CAAC,aAAa,YAAY,eAAM;oBAAE,WAAW,GAAG,CAAC,CAAC;gBAC1D,IAAI,IAAI,CAAC,aAAa,YAAY,OAAE;oBAAE,WAAW,GAAG,CAAC,CAAC;gBACtD,IAAI,IAAI,CAAC,aAAa,YAAY,mBAAQ;oBAAE,WAAW,GAAG,CAAC,CAAC;gBAC5D,IAAI,IAAI,CAAC,aAAa,YAAY,uBAAU;oBAAE,WAAW,GAAG,CAAC,CAAC;gBAC9D,MAAM;YAER,KAAK,eAAM;gBACT,IAAI,IAAI,CAAC,aAAa,YAAY,eAAM,IAAI,IAAI,CAAC,aAAa,YAAY,eAAM,EAAE;oBAChF,IAAI,IAAI,CAAC,aAAa,CAAC,OAAO,EAAE,IAAI,IAAI,CAAC,aAAa,CAAC,OAAO,EAAE,EAAE;wBAChE,WAAW,GAAG,GAAG,CAAC;qBACnB;yBAAM;wBACL,QAAQ,IAAI,CAAC,aAAa,CAAC,OAAO,EAAE,EAAE;4BACpC,KAAK,YAAY;gCACf,IAAI,IAAI,CAAC,aAAa,CAAC,OAAO,EAAE,IAAI,SAAS,EAAE;oCAC7C,WAAW,GAAG,CAAC,CAAC;iCACjB;gCACD,MAAM;4BACR,KAAK,SAAS;gCACZ,IAAI,IAAI,CAAC,aAAa,CAAC,OAAO,EAAE,IAAI,SAAS,EAAE;oCAC7C,WAAW,GAAG,GAAG,CAAC;iCACnB;gCACD,MAAM;yBACT;qBACF;iBACF;gBAED,IAAI,IAAI,CAAC,aAAa,YAAY,iBAAO;oBAAE,WAAW,GAAG,GAAG,CAAC;gBAC7D,IAAI,IAAI,CAAC,aAAa,YAAY,OAAE;oBAAE,WAAW,GAAG,CAAC,CAAC;gBACtD,IAAI,IAAI,CAAC,aAAa,YAAY,mBAAQ;oBAAE,WAAW,GAAG,GAAG,CAAC;gBAC9D,IAAI,IAAI,CAAC,aAAa,YAAY,uBAAU;oBAAE,WAAW,GAAG,CAAC,CAAC;gBAC9D,MAAM;YAER,KAAK,OAAE;gBACL,IAAI,IAAI,CAAC,aAAa,YAAY,OAAE,IAAI,IAAI,CAAC,aAAa,YAAY,OAAE,EAAE;oBACxE,IAAI,IAAI,CAAC,aAAa,CAAC,OAAO,EAAE,IAAI,IAAI,CAAC,aAAa,CAAC,OAAO,EAAE,EAAE;wBAChE,WAAW,GAAG,GAAG,CAAC;qBACnB;yBAAM;wBACL,QAAQ,IAAI,CAAC,aAAa,CAAC,OAAO,EAAE,EAAE;4BACpC,KAAK,YAAY;gCACf,IAAI,IAAI,CAAC,aAAa,CAAC,OAAO,EAAE,IAAI,SAAS,EAAE;oCAC7C,WAAW,GAAG,CAAC,CAAC;iCACjB;gCACD,MAAM;4BACR,KAAK,SAAS;gCACZ,IAAI,IAAI,CAAC,aAAa,CAAC,OAAO,EAAE,IAAI,SAAS,EAAE;oCAC7C,WAAW,GAAG,GAAG,CAAC;iCACnB;gCACD,MAAM;yBACT;qBACF;iBACF;gBAED,IAAI,IAAI,CAAC,aAAa,YAAY,iBAAO;oBAAE,WAAW,GAAG,CAAC,CAAC;gBAC3D,IAAI,IAAI,CAAC,aAAa,YAAY,eAAM;oBAAE,WAAW,GAAG,GAAG,CAAC;gBAC5D,IAAI,IAAI,CAAC,aAAa,YAAY,mBAAQ;oBAAE,WAAW,GAAG,CAAC,CAAC;gBAC5D,IAAI,IAAI,CAAC,aAAa,YAAY,uBAAU;oBAAE,WAAW,GAAG,GAAG,CAAC;gBAChE,MAAM;YAER,KAAK,mBAAQ;gBACX,IAAI,IAAI,CAAC,aAAa,YAAY,mBAAQ,IAAI,IAAI,CAAC,aAAa,YAAY,mBAAQ,EAAE;oBACpF,IAAI,IAAI,CAAC,aAAa,CAAC,aAAa,EAAE,IAAI,IAAI,CAAC,aAAa,CAAC,aAAa,EAAE,EAAE;wBAC5E,WAAW,GAAG,GAAG,CAAC;qBACnB;yBAAM;wBACL,QAAQ,IAAI,CAAC,aAAa,CAAC,aAAa,EAAE,EAAE;4BAC1C,KAAK,MAAM;gCACT,IAAI,IAAI,CAAC,aAAa,CAAC,aAAa,EAAE,IAAI,MAAM,EAAE;oCAChD,WAAW,GAAG,CAAC,CAAC;iCACjB;gCACD,IAAI,IAAI,CAAC,aAAa,CAAC,aAAa,EAAE,IAAI,OAAO,EAAE;oCACjD,WAAW,GAAG,GAAG,CAAC;iCACnB;gCACD,MAAM;4BACR,KAAK,MAAM;gCACT,IAAI,IAAI,CAAC,aAAa,CAAC,aAAa,EAAE,IAAI,MAAM,EAAE;oCAChD,WAAW,GAAG,CAAC,CAAC;iCACjB;gCACD,IAAI,IAAI,CAAC,aAAa,CAAC,aAAa,EAAE,IAAI,OAAO,EAAE;oCACjD,WAAW,GAAG,GAAG,CAAC;iCACnB;gCACD,MAAM;4BACR,KAAK,OAAO;gCACV,IAAI,IAAI,CAAC,aAAa,CAAC,aAAa,EAAE,IAAI,MAAM,EAAE;oCAChD,WAAW,GAAG,CAAC,CAAC;iCACjB;gCACD,IAAI,IAAI,CAAC,aAAa,CAAC,aAAa,EAAE,IAAI,MAAM,EAAE;oCAChD,WAAW,GAAG,CAAC,CAAC;iCACjB;gCACD,MAAM;yBACT;qBACF;iBACF;gBAED,IAAI,IAAI,CAAC,aAAa,YAAY,iBAAO;oBAAE,WAAW,GAAG,GAAG,CAAC;gBAC7D,IAAI,IAAI,CAAC,aAAa,YAAY,eAAM;oBAAE,WAAW,GAAG,CAAC,CAAC;gBAC1D,IAAI,IAAI,CAAC,aAAa,YAAY,OAAE;oBAAE,WAAW,GAAG,GAAG,CAAC;gBACxD,IAAI,IAAI,CAAC,aAAa,YAAY,uBAAU;oBAAE,WAAW,GAAG,CAAC,CAAC;gBAC9D,MAAM;YAER,KAAK,uBAAU;gBACb,IAAI,IAAI,CAAC,aAAa,YAAY,uBAAU,IAAI,IAAI,CAAC,aAAa,YAAY,uBAAU,EAAE;oBACxF,IAAI,IAAI,CAAC,aAAa,CAAC,KAAK,EAAE,GAAG,IAAI,CAAC,aAAa,CAAC,KAAK,EAAE,EAAE;wBAC3D,WAAW,GAAG,CAAC,CAAC;qBACjB;oBACD,IAAI,IAAI,CAAC,aAAa,CAAC,KAAK,EAAE,GAAG,IAAI,CAAC,aAAa,CAAC,KAAK,EAAE,EAAE;wBAC3D,WAAW,GAAG,GAAG,CAAC;qBACnB;oBACD,IAAI,IAAI,CAAC,aAAa,CAAC,KAAK,EAAE,IAAI,IAAI,CAAC,aAAa,CAAC,KAAK,EAAE,EAAE;wBAC5D,WAAW,GAAG,CAAC,CAAC;qBACjB;iBACF;gBAED,IAAI,IAAI,CAAC,aAAa,YAAY,iBAAO;oBAAE,WAAW,GAAG,CAAC,CAAC;gBAC3D,IAAI,IAAI,CAAC,aAAa,YAAY,eAAM;oBAAE,WAAW,GAAG,CAAC,CAAC;gBAC1D,IAAI,IAAI,CAAC,aAAa,YAAY,OAAE;oBAAE,WAAW,GAAG,CAAC,CAAC;gBACtD,IAAI,IAAI,CAAC,aAAa,YAAY,mBAAQ;oBAAE,WAAW,GAAG,GAAG,CAAC;gBAC9D,MAAM;SACT;QAED,IAAI,iBAAiB,IAAI,CAAC,EAAE;YAC1B,IAAI,GAAG,EAAE,GAAG,CAAC,IAAI,CAAC,aAAa,CAAC,sBAAsB,EAAE,CAAC,MAAM,GAAG,IAAI,CAAC,aAAa,CAAC,sBAAsB,EAAE,CAAC,OAAO,CAAC,GAAG,WAAW,CAAC;SACtI;aAAM;YACL,IAAI,WAAW,IAAI,CAAC,EAAE;gBACpB,WAAW,GAAG,GAAG,CAAC;aACnB;iBAAM;gBACL,IAAI,WAAW,IAAI,GAAG,EAAE;oBACtB,WAAW,GAAG,CAAC,CAAC;iBACjB;aACF;YACD,IAAI,GAAG,EAAE,GAAG,CAAC,IAAI,CAAC,aAAa,CAAC,sBAAsB,EAAE,CAAC,MAAM,GAAG,IAAI,CAAC,aAAa,CAAC,sBAAsB,EAAE,CAAC,OAAO,CAAC,GAAG,WAAW,CAAC;SACtI;QAED,OAAO,IAAI,CAAC;IACd,CAAC;IAED;;;;;;OAMG;IACI,KAAK;QACV,IAAI,CAAC,GAAW,CAAC,CAAC;QAClB,IAAI,IAAI,GAAW,CAAC,CAAC;QACrB,OAAO,CAAC,GAAG,CAAC,GAAG,IAAI,CAAC,aAAa,CAAC,SAAS,EAAE,QAAQ,IAAI,CAAC,aAAa,CAAC,sBAAsB,EAAE,CAAC,EAAE,QAAQ,IAAI,CAAC,aAAa,CAAC,SAAS,EAAE,QAAQ,IAAI,CAAC,aAAa,CAAC,sBAAsB,EAAE,CAAC,EAAE,KAAK,CAAC,CAAC;QAEtM,OAAO,CAAC,EAAE;YACR,IAAI,CAAC,IAAI,CAAC,EAAE;gBACV,OAAO,CAAC,GAAG,CAAC,SAAS,IAAI,CAAC,aAAa,CAAC,SAAS,EAAE,KAAK,IAAI,CAAC,aAAa,CAAC,iBAAiB,EAAE,EAAE,CAAC,CAAC;gBAClG,IAAI,GAAG,IAAI,CAAC,KAAK,CAAC,IAAI,CAAC,UAAU,CAAC,CAAC,CAAC,CAAC,CAAC;gBACtC,IAAI,IAAI,CAAC,aAAa,CAAC,sBAAsB,EAAE,CAAC,EAAE,GAAC,IAAI,GAAG,CAAC,EAAE;oBAC3D,IAAI,CAAC,aAAa,CAAC,KAAK,CAAC,IAAI,CAAC,aAAa,CAAC,sBAAsB,EAAE,CAAC,EAAE,GAAC,IAAI,CAAC,CAAC;iBAC/E;qBAAM;oBACL,IAAI,CAAC,aAAa,CAAC,KAAK,CAAC,CAAC,CAAC,CAAC;iBAC7B;gBACD,OAAO,CAAC,GAAG,CAAC,cAAc,IAAI,CAAC,aAAa,CAAC,SAAS,EAAE,SAAS,IAAI,uBAAuB,IAAI,CAAC,aAAa,CAAC,SAAS,EAAE,iBAAiB,IAAI,CAAC,aAAa,CAAC,sBAAsB,EAAE,CAAC,EAAE,IAAI,CAAC,CAAC;gBAC/L,CAAC,GAAG,CAAC,CAAC;gBAEN,IAAI,IAAI,CAAC,aAAa,CAAC,sBAAsB,EAAE,CAAC,EAAE,IAAI,CAAC,EAAE;oBACvD,OAAO,CAAC,GAAG,CAAC,uCAAuC,IAAI,CAAC,aAAa,CAAC,SAAS,EAAE,QAAQ,CAAC,CAAC;oBAC3F,MAAM;iBACP;aACF;iBAAM;gBACL,OAAO,CAAC,GAAG,CAAC,SAAS,IAAI,CAAC,aAAa,CAAC,SAAS,EAAE,KAAK,IAAI,CAAC,aAAa,CAAC,iBAAiB,EAAE,EAAE,CAAC,CAAC;gBAClG,IAAI,GAAG,IAAI,CAAC,KAAK,CAAC,IAAI,CAAC,UAAU,CAAC,CAAC,CAAC,CAAC,CAAC;gBACtC,IAAI,IAAI,CAAC,aAAa,CAAC,sBAAsB,EAAE,CAAC,EAAE,GAAC,IAAI,GAAG,CAAC,EAAE;oBAC3D,IAAI,CAAC,aAAa,CAAC,KAAK,CAAC,IAAI,CAAC,aAAa,CAAC,sBAAsB,EAAE,CAAC,EAAE,GAAC,IAAI,CAAC,CAAC;iBAC/E;qBAAM;oBACL,IAAI,CAAC,aAAa,CAAC,KAAK,CAAC,CAAC,CAAC,CAAC;iBAC7B;gBACD,OAAO,CAAC,GAAG,CAAC,cAAc,IAAI,CAAC,aAAa,CAAC,SAAS,EAAE,SAAS,IAAI,uBAAuB,IAAI,CAAC,aAAa,CAAC,SAAS,EAAE,iBAAiB,IAAI,CAAC,aAAa,CAAC,sBAAsB,EAAE,CAAC,EAAE,IAAI,CAAC,CAAC;gBAC/L,CAAC,GAAG,CAAC,CAAC;gBAEN,IAAI,IAAI,CAAC,aAAa,CAAC,sBAAsB,EAAE,CAAC,EAAE,IAAI,CAAC,EAAE;oBACvD,OAAO,CAAC,GAAG,CAAC,uCAAuC,IAAI,CAAC,aAAa,CAAC,SAAS,EAAE,QAAQ,CAAC,CAAC;oBAC3F,MAAM;iBACP;aACF;SACF;IACH,CAAC;CACF;AAhTD,wBAgTC","sourcesContent":["import {Figther} from '../ejercicio-1/figther';\nimport {Pokemon} from '../ejercicio-1/pokemon';\nimport {Marvel} from '../ejercicio-1/marvel';\nimport {DC} from '../ejercicio-1/dc';\nimport {StarWars} from '../ejercicio-1/starwars';\nimport {DragonBall} from '../ejercicio-1/dragonball';\n\n/**\n * ```typescript\n * // Ejemplo de creación\n *  const combate = new Combat(Venusaur, Batman);\n * ```\n * Clase que representa un combate entre personajes de distintos universos\n */\nexport class Combat {\n  /**\n   * ```typescript\n   * // Ejemplo de llamada\n   *  const combate = new Combat(Venusaur, Batman);\n   * ```\n   * Constructor de la clase Combat\n   * @param contrincante1 Contrincante 1 del combate\n   * @param contrincante2 Contrincante 2 del combate\n   */\n  constructor(private contrincante1: Figther, private contrincante2: Figther) {}\n\n  /**\n   * ```typescript\n   * // Ejemplo de llamada\n   *  combate.getContrincante1();\n   * ```\n   * Función que retorna el contrincante 1 del combate\n   * @return El atributo contrincante1\n   */\n  public getContrincante1() {\n    return this.contrincante1;\n  }\n\n  /**\n   * ```typescript\n   * // Ejemplo de llamada\n   *  combate.setContrincante1(Raichu);\n   * ```\n   * Función para cambiar el atributo contrincante1\n   * @param contrincante1 El nuevo contrincante 1 del combate\n   */\n  public setContricante1(contrincante1: Figther) {\n    this.contrincante1 = contrincante1;\n  }\n\n  /**\n   * ```typescript\n   * // Ejemplo de llamada\n   *  combate.getContrincante2();\n   * ```\n   * Función que retorna el Pokemon 2 del combate\n   * @returns El atributo contrincante2\n   */\n  public getContrincante2() {\n    return this.contrincante2;\n  }\n\n  /**\n   * ```typescript\n   * // Ejemplo de llamada\n   *  combate.setContrincante2(Goku);\n   * ```\n   * Función para cambiar el atributo contrincante2\n   * @param contrincante2 El nuevo contrincante 2 del combate\n   */\n  public setContricante2(contrincante2: Figther) {\n    this.contrincante2 = contrincante2;\n  }\n\n  /**\n   * ```typescript\n   * // Ejemplo de llamada\n   *  combate.dañoAtaque(1);\n   * ```\n   * Función que calcula el daño que causa un personaje a otro\n   * @param personajeAtacante Un número que indica si ataca el contrincante 1 o el contrincante 2\n   * @returns El daño que causa un personaje a otro\n   */\n  public dañoAtaque(personajeAtacante: number): number {\n    let efectividad: number = 0;\n    let daño: number = 0;\n\n    switch (this.contrincante1.constructor) {\n      case Pokemon:\n        if (this.contrincante1 instanceof Pokemon && this.contrincante2 instanceof Pokemon) {\n          if (this.contrincante1.getTipo() == this.contrincante2.getTipo()) {\n            efectividad = 0.5;\n          } else {\n            switch (this.contrincante1.getTipo()) {\n              case \"Fuego\":\n                if (this.contrincante2.getTipo() == \"Planta\") {\n                  efectividad = 2;\n                }\n                if (this.contrincante2.getTipo() == \"Eléctrico\") {\n                  efectividad = 1;\n                }\n                if (this.contrincante2.getTipo() == \"Agua\") {\n                  efectividad = 0.5;\n                }\n                break;\n\n              case \"Planta\":\n                if (this.contrincante2.getTipo() == \"Agua\") {\n                  efectividad = 2;\n                }\n                if (this.contrincante2.getTipo() == \"Eléctrico\") {\n                  efectividad = 1;\n                }\n                if (this.contrincante2.getTipo() == \"Fuego\") {\n                  efectividad = 0.5;\n                }\n                break;\n\n              case \"Eléctrico\":\n                if (this.contrincante2.getTipo() == \"Agua\") {\n                  efectividad = 2;\n                }\n                if ((this.contrincante2.getTipo() == \"Fuego\") || (this.contrincante2.getTipo() == \"Planta\")) {\n                  efectividad = 1;\n                }\n                break;\n\n              case \"Agua\":\n                if (this.contrincante2.getTipo() == \"Fuego\") {\n                  efectividad = 2;\n                } else {\n                  efectividad = 0.5;\n                }\n                break;\n            }\n          }\n        }\n\n        if (this.contrincante2 instanceof Marvel) efectividad = 2;\n        if (this.contrincante2 instanceof DC) efectividad = 1;\n        if (this.contrincante2 instanceof StarWars) efectividad = 2;\n        if (this.contrincante2 instanceof DragonBall) efectividad = 1;\n        break;\n\n      case Marvel:\n        if (this.contrincante1 instanceof Marvel && this.contrincante2 instanceof Marvel) {\n          if (this.contrincante1.getTipo() == this.contrincante2.getTipo()) {\n            efectividad = 0.5;\n          } else {\n            switch (this.contrincante1.getTipo()) {\n              case \"Superheroe\":\n                if (this.contrincante2.getTipo() == \"Malvado\") {\n                  efectividad = 2;\n                }\n                break;\n              case \"Malvado\":\n                if (this.contrincante2.getTipo() == \"Malvado\") {\n                  efectividad = 0.5;\n                }\n                break;\n            }\n          }\n        }\n\n        if (this.contrincante2 instanceof Pokemon) efectividad = 0.5;\n        if (this.contrincante2 instanceof DC) efectividad = 2;\n        if (this.contrincante2 instanceof StarWars) efectividad = 0.5;\n        if (this.contrincante2 instanceof DragonBall) efectividad = 1;\n        break;\n\n      case DC:\n        if (this.contrincante1 instanceof DC && this.contrincante2 instanceof DC) {\n          if (this.contrinca
[...]
AAO,IAAI,CAAC,SAAS,CAAC;IACxB,CAAC;IAED;;;;;;;;;OASG;IACI,QAAQ,CAAC,QAAgB,EAAE,KAAuB;QACvD,MAAM,MAAM,GAAe,EAAE,CAAC;QAE9B,IAAI,CAAC,SAAS,CAAC,OAAO,CAAC,CAAC,OAAO,EAAE,EAAE;YACjC,IAAI,QAAQ,IAAI,QAAQ,IAAI,OAAM,CAAC,KAAK,CAAC,KAAK,QAAQ,EAAE;gBACtD,IAAI,OAAO,CAAC,MAAM,IAAI,KAAK,EAAE;oBAC3B,MAAM,CAAC,IAAI,CAAC,OAAO,CAAC,CAAC;iBACtB;aACF;YACD,IAAI,QAAQ,IAAI,oBAAoB,IAAI,OAAM,CAAC,KAAK,CAAC,KAAK,QAAQ,EAAE;gBAClE,IAAI,OAAO,CAAC,cAAc,IAAI,KAAK,EAAE;oBACnC,MAAM,CAAC,IAAI,CAAC,OAAO,CAAC,CAAC;iBACtB;aACF;YACD,IAAI,QAAQ,IAAI,QAAQ,IAAI,OAAM,CAAC,KAAK,CAAC,KAAK,WAAW,EAAE;gBACzD,IAAI,OAAO,CAAC,eAAe,GAAG,GAAG,EAAE;oBACjC,MAAM,CAAC,IAAI,CAAC,OAAO,CAAC,CAAC;iBACtB;aACF;YACD,IAAI,QAAQ,IAAI,UAAU,IAAI,OAAM,CAAC,KAAK,CAAC,KAAK,WAAW,EAAE;gBAC3D,IAAI,OAAO,CAAC,eAAe,GAAG,EAAE,IAAI,OAAO,CAAC,eAAe,GAAG,GAAG,EAAE;oBACjE,MAAM,CAAC,IAAI,CAAC,OAAO,CAAC,CAAC;iBACtB;aACF;YACD,IAAI,QAAQ,IAAI,QAAQ,IAAI,OAAM,CAAC,KAAK,CAAC,KAAK,WAAW,EAAE;gBACzD,IAAI,OAAO,CAAC,eAAe,GAAG,EAAE,EAAE;oBAChC,MAAM,CAAC,IAAI,CAAC,OAAO,CAAC,CAAC;iBACtB;aACF;QACH,CAAC,CAAC,CAAC;QAEH,OAAO,CAAC,KAAK,CAAC,MAAM,CAAC,CAAC;QACtB,OAAO,MAAM,CAAC;IAChB,CAAC;CACF;AApED,gDAoEC","sourcesContent":["import {BasicStreamableCollection} from \"./basicstreamablecollection\";\n\n/**\n * ```typescript\n * // Ejemplo de creación\n *  const pelicula : pelicula = {nombre: \"El lobo de Wall Street\", añoPublicacion: 2013, duracionMinutos: 180};\n * ```\n * Tipo que representa una película\n */\nexport type pelicula = {\n  nombre: string;\n  añoPublicacion: number;\n  duracionMinutos: number;\n}\n\n/**\n * ```typescript\n * // Ejemplo de creación\n *  const peliculaColeccion = new PeliculaCollection([pelicula1, pelicula2, pelicula3, pelicula4]);\n * ```\n * Clase que representa una colección de peliculas, clase hija de la clase BasicStreamableCollection\n */\nexport class PeliculaCollection extends BasicStreamableCollection<pelicula> {\n  /**\n   * // Ejemplo de llamada\n   *  const peliculaColeccion = new PeliculaCollection([pelicula1, pelicula2, pelicula3, pelicula4]);\n   * ```\n   * Constructor de la clase PeliculaCollection, se hereda el atributo coleccion de la clase padre\n   * @param coleccion Colección de peliculas\n   */\n  constructor(coleccion: pelicula[]) {\n    super(coleccion);\n  }\n\n  /**\n   * ```typescript\n   * // Ejemplo de llamada\n   *  peliculaColeccion.getColeccion();\n   * ```\n   * Función que retorna los personajes que tiene la Pokedex\n   * @return El atributo personajes, que es el vector que contiene todos los personajes de la Pokedex\n   */\n  public getColeccion(): pelicula[] {\n    return this.coleccion;\n  }\n\n  /**\n   * ```typescript\n   * // Ejemplo de llamada\n   *  peliculaColeccion.busqueda(\"Año de publicación\", 2021)\n   * ```\n   * Función que busca emisiones concretas en la colección, las muestra en una tabla y las retorna.\n   * @param atributo El atributo a través del cual se quiere buscar\n   * @param valor Valor que se quiere buscar\n   * @return El resultado de la busqueda\n   */\n  public busqueda(atributo: string, valor?: string | number): pelicula[] | undefined {\n    const salida: pelicula[] = [];\n\n    this.coleccion.forEach((emision) => {\n      if (atributo == \"Nombre\" && typeof(valor) === \"string\") {\n        if (emision.nombre == valor) {\n          salida.push(emision);\n        }\n      }\n      if (atributo == \"Año de publicación\" && typeof(valor) === \"number\") {\n        if (emision.añoPublicacion == valor) {\n          salida.push(emision);\n        }\n      }\n      if (atributo == \"Largas\" && typeof(valor) === \"undefined\") {\n        if (emision.duracionMinutos > 150) {\n          salida.push(emision);\n        }\n      }\n      if (atributo == \"Normales\" && typeof(valor) === \"undefined\") {\n        if (emision.duracionMinutos > 90 && emision.duracionMinutos < 150) {\n          salida.push(emision);\n        }\n      }\n      if (atributo == \"Cortas\" && typeof(valor) === \"undefined\") {\n        if (emision.duracionMinutos < 90) {\n          salida.push(emision);\n        }\n      }\n    });\n\n    console.table(salida);\n    return salida;\n  }\n}\n"]},"_coverageSchema":"1a1c01bbd47fc00a2c39e90264f33305004495a9","hash":"2b05fe1f2a8931223dcf065105244af952cabe56","contentHash":"fcd7c238d61a96ad7a0ef78bffcbd3bb5574c8ee8cae43c3db18ffe90c423e50"},"/home/usuario/ull-esit-inf-dsi-20-21-prct06-generics-solid-alu0101206479/src/ejercicio-3/documentalcollection.ts":{"path":"/home/usuario/ull-esit-inf-dsi-20-21-prct06-generics-solid-alu0101206479/src/ejercicio-3/documentalcollection.ts","statementMap":{"0":{"start":{"line":2,"column":0},"end":{"line":2,"column":62}},"1":{"start":{"line":3,"column":0},"end":{"line":3,"column":38}},"2":{"start":{"line":4,"column":36},"end":{"line":4,"column":74}},"3":{"start":{"line":21,"column":8},"end":{"line":21,"column":25}},"4":{"start":{"line":32,"column":8},"end":{"line":32,"column":30}},"5":{"start":{"line":45,"column":23},"end":{"line":45,"column":25}},"6":{"start":{"line":46,"column":8},"end":{"line":72,"column":11}},"7":{"start":{"line":47,"column":12},"end":{"line":51,"column":13}},"8":{"start":{"line":48,"column":16},"end":{"line":50,"column":17}},"9":{"start":{"line":49,"column":20},"end":{"line":49,"column":41}},"10":{"start":{"line":52,"column":12},"end":{"line":56,"column":13}},"11":{"start":{"line":53,"column":16},"end":{"line":55,"column":17}},"12":{"start":{"line":54,"column":20},"end":{"line":54,"column":41}},"13":{"start":{"line":57,"column":12},"end":{"line":61,"column":13}},"14":{"start":{"line":58,"column":16},"end":{"line":60,"column":17}},"15":{"start":{"line":59,"column":20},"end":{"line":59,"column":41}},"16":{"start":{"line":62,"column":12},"end":{"line":66,"column":13}},"17":{"start":{"line":63,"column":16},"end":{"line":65,"column":17}},"18":{"start":{"line":64,"column":20},"end":{"line":64,"column":41}},"19":{"start":{"line":67,"column":12},"end":{"line":71,"column":13}},"20":{"start":{"line":68,"column":16},"end":{"line":70,"column":17}},"21":{"start":{"line":69,"column":20},"end":{"line":69,"column":41}},"22":{"start":{"line":73,"column":8},"end":{"line":73,"column":30}},"23":{"start":{"line":74,"column":8},"end":{"line":74,"column":22}},"24":{"start":{"line":77,"column":0},"end":{"line":77,"column":52}}},"fnMap":{"0":{"name":"(anonymous_0)","decl":{"start":{"line":20,"column":4},"end":{"line":20,"column":5}},"loc":{"start":{"line":20,"column":27},"end":{"line":22,"column":5}},"line":20},"1":{"name":"(anonymous_1)","decl":{"start":{"line":31,"column":4},"end":{"line":31,"column":5}},"loc":{"start":{"line":31,"column":19},"end":{"line":33,"column":5}},"line":31},"2":{"name":"(anonymous_2)","decl":{"start":{"line":44,"column":4},"end":{"line":44,"column":5}},"loc":{"start":{"line":44,"column":30},"end":{"line":75,"column":5}},"line":44},"3":{"name":"(anonymous_3)","decl":{"start":{"line":46,"column":31},"end":{"line":46,"column":32}},"loc":{"start":{"line":46,"column":44},"end":{"line":72,"column":9}},"line":46}},"branchMap":{"0":{"loc":{"start":{"line":47,"column":12},"end":{"line":51,"column":13}},"type":"if","locations":[{"start":{"line":47,"column":12},"end":{"line":51,"column":13}},{"start":{"line":47,"column":12},"end":{"line":51,"column":13}}],"line":47},"1":{"loc":{"start":{"line":47,"column":16},"end":{"line":47,"column":67}},"type":"binary-expr","locations":[{"start":{"line":47,"column":16},"end":{"line":47,"column":36}},{"start":{"line":47,"column":40},"end":{"line":47,"column":67}}],"line":47},"2":{"loc":{"start":{"line":48,"column":16},"end":{"line":50,"column":17}},"type":"if","locations":[{"start":{"line":48,"column":16},"end":{"line":50,"column":17}},{"start":{"line":48,"column":16},"end":{"line":50,"column":17}}],"line":48},"3":{"loc":{"start":{"line":52,"column":12},"end":{"line":56,"column":13}},"type":"if","locations":[{"start":{"line":52,"column":12},"end":{"line":56,"column":13}},{"start":{"line":52,"column":12},"end":{"line":56,"column":13}}],"line":52},"4":{"loc":{"start":{"line":52,"column":16},"end":{"line":52,"column":79}},"type":"binary-expr","locations":[{"start":{"line":52,"column":16},"end":{"line":52,"column":48}},{"start":{"line":52,"column":52},"end":{"line":52,"column":79}}],"line":52},"5":{"loc":{"start":{"line":53,"column":16},"end":{"line":55,"column":17}},"type":"if","locations":[{"start":{"line":53,"column":16},"end":{"line":55,"column":17}},{"start":{"line":53,"column":16},"end":{"line":55,"column":17}}],"line":53},"6":{"loc":{"start":{"line":57,"column":12},"end":{"line":61,"column":13}},"type":"if","locations":[{"start":{"line":57,"column":12},"end":{"line":61,"column":13}},{"start":{"line":57,"column":12},"end":{"line":61,"column":13}}],"line":57},"7":{"loc":{"start":{"line":57,"column":16},"end":{"line":57,"column":70}},"type":"binary-expr","locations":[{"start":{"line":57,"column":16},"end":{"line":57,"column":36}},{"start":{"line":57,"column":40},"end":{"line":57,"column":70}}],"line":57},"8":{"loc":{"start":{"line":58,"column":16},"end":{"line":60,"column":17}},"type":"if","locations":[{"start":{"line":58,"column":16},"end":{"line":60,"column":17}},{"start":{"line":58,"column":16},"end":{"line":60,"column":17}}],"line":58},"9":{"loc":{"start":{"line":62,"column":12},"end":{"line":66,"column":13}},"type":"if","locations":[{"start":{"line":62,"column":12},"end":{"line":66,"column":13}},{"start":{"line":62,"column":12},"end":{"line":66,"column":13}}],"line":62},"10":{"loc":{"start":{"line":62,"column":16},"end":{"line":62,"column":72}},"type":"binary-expr","locations":[{"start":{"line":62,"column":16},"end":{"line":62,"column":38}},{"start":{"line":62,"column":42},"end":{"line":62,"column":72}}],"line":62},"11":{"loc":{"start":{"line":63,"column":16},"end":{"line":65,"column":17}},"type":"if","locations":[{"start":{"line":63,"column":16},"end":{"line":65,"column":17}},{"start":{"line":63,"column":16},"end":{"line":65,"column":17}}],"line":63},"12":{"loc":{"start":{"line":63,"column":20},"end":{"line":63,"column":80}},"type":"binary-expr","locations":[{"start":{"line":63,"column":20},"end":{"line":63,"column":48}},{"start":{"line":63,"column":52},"end":{"line":63,"column":80}}],"line":63},"13":{"loc":{"start":{"line":67,"column":12},"end":{"line":71,"column":13}},"type":"if","locations":[{"start":{"line":67,"column":12},"end":{"line":71,"column":13}},{"start":{"line":67,"column":12},"end":{"line":71,"column":13}}],"line":67},"14":{"loc":{"start":{"line":67,"column":16},"end":{"line":67,"column":70}},"type":"binary-expr","locations":[{"start":{"line":67,"column":16},"end":{"line":67,"column":36}},{"start":{"line":67,"column":40},"end":{"line":67,"column":70}}],"line":67},"15":{"loc":{"start":{"line":68,"column":16},"end":{"line":70,"column":17}},"type":"if","locations":[{"start":{"line":68,"column":16},"end":{"line":70,"column":17}},{"start":{"line":68,"column":16},"end":{"line":70,"column":17}}],"line":68}},"s":{"0":1,"1":1,"2":1,"3":1,"4":3,"5":3,"6":3,"7":12,"8":4,"9":1,"10":12,"11":4,"12":2,"13":12,"14":0,"15":0,"16":12,"17":0,"18":0,"19":12,"20":4,"21":2,"22":3,"23":3,"24":1},"f":{"0":1,"1":3,"2":3,"3":12},"b":{"0":[4,8],"1":[12,4],"2":[1,3],"3":[4,8],"4":[12,4],"5":[2,2],"6":[0,12],"7":[12,0],"8":[0,0],"9":[0,12],"10":[12,0],"11":[0,0],"12":[0,0],"13":[4,8],"14":[12,4],"15":[2,2]},"inputSourceMap":{"version":3,"file":"/home/usuario/ull-esit-inf-dsi-20-21-prct06-generics-solid-alu0101206479/src/ejercicio-3/documentalcollection.ts","sources":["/home/usuario/ull-esit-inf-dsi-20-21-prct06-generics-solid-alu0101206479/src/ejercicio-3/documentalcollection.ts"],"names":[],"mappings":";;;AAAA,2EAAsE;AActE;;;;;;GAMG;AACH,MAAa,oBAAqB,SAAQ,qDAAqC;IAC7E;;;;;;OAMG;IACH,YAAY,SAAuB;QACjC,KAAK,CAAC,SAAS,CAAC,CAAC;IACnB,CAAC;IAED;;;;;;;OAOG;IACI,YAAY;QACjB,OAAO,IAAI,CAAC,SAAS,CAAC;IACxB,CAAC;IAED;;;;;;;;;OASG;IACI,QAAQ,CAAC,QAAgB,EAAE,KAAuB;QACvD,MAAM,MAAM,GAAiB,EAAE,CAAC;QAEhC,IAAI,CAAC,SAAS,CAAC,OAAO,CAAC,CAAC,OAAO,EAAE,EAAE;YACjC,IAAI,QAAQ,IAAI,QAAQ,IAAI,OAAM,CAAC,KAAK,CAAC,KAAK,QAAQ,EAAE;gBACtD,IAAI,OAAO,CAAC,MAAM,IAAI,KAAK,EAAE;oBAC3B,MAAM,CAAC,IAAI,CAAC,OAAO,CAAC,CAAC;iBACtB;aACF;YACD,IAAI,QAAQ,IAAI,oBAAoB,IAAI,OAAM,CAAC,KAAK,CAAC,KAAK,QAAQ,EAAE;gBAClE,IAAI,OAAO,CAAC,cAAc,IAAI,KAAK,EAAE;oBACnC,MAAM,CAAC,IAAI,CAAC,OAAO,CAAC,CAAC;iBACtB;aACF;YACD,IAAI,QAAQ,IAAI,QAAQ,IAAI,OAAM,CAAC,KAAK,CAAC,KAAK,WAAW,EAAE;gBACzD,IAAI,OAAO,CAAC,eAAe,GAAG,EAAE,EAAE;oBAChC,MAAM,CAAC,IAAI,CAAC,OAAO,CAAC,CAAC;iBACtB;aACF;YACD,IAAI,QAAQ,IAAI,UAAU,IAAI,OAAM,CAAC,KAAK,CAAC,KAAK,WAAW,EAAE;gBAC3D,IAAI,OAAO,CAAC,eAAe,GAAG,EAAE,IAAI,OAAO,CAAC,eAAe,GAAG,EAAE,EAAE;oBAChE,MAAM,CAAC,IAAI,CAAC,OAAO,CAAC,CAAC;iBACtB;aACF;YACD,IAAI,QAAQ,IAAI,QAAQ,IAAI,OAAM,CAAC,KAAK,CAAC,KAAK,WAAW,EAAE;gBACzD,IAAI,OAAO,CAAC,eAAe,GAAG,EAAE,EAAE;oBAChC,MAAM,CAAC,IAAI,CAAC,OAAO,CAAC,CAAC;iBACtB;aACF;QACH,CAAC,CAAC,CAAC;QAEH,OAAO,CAAC,KAAK,CAAC,MAAM,CAAC,CAAC;QACtB,OAAO,MAAM,CAAC;IAChB,CAAC;CACF;AApED,oDAoEC","sourcesContent":["import {BasicStreamableCollection} from \"./basicstreamablecollection\";\n\n/**\n * ```typescript\n * // Ejemplo de creación\n *  const documental : documental = {nombre: \"Rol & Rol\", añoPublicacion: 2021, duracionMinutos: 89};\n * Tipo que representa un documental\n */\nexport type documental = {\n  nombre: string;\n  añoPublicacion: number;\n  duracionMinutos: number;\n}\n\n/**\n * ```typescript\n * // Ejemplo de creación\n *  const documentalColeccion = new DocumentalCollection([documental1, documental2, documental3, documental4]);\n * ```\n * Clase que representa una colección de documentales, clase hija de la clase BasicStreamableCollection\n */\nexport class DocumentalCollection extends BasicStreamableCollection<documental> {\n  /**\n   * // Ejemplo de llamada\n   *  const documentalColeccion = new DocumentalCollection([documental1, documental2, documental3, documental4]);\n   * ```\n   * Constructor de la clase DocumentalCollection, se hereda el atributo coleccion de la clase padre\n   * @param coleccion Colección de documentales\n   */\n  constructor(coleccion: documental[]) {\n    super(coleccion);\n  }\n\n  /**\n   * ```typescript\n   * // Ejemplo de llamada\n   *  documentalColeccion.getColeccion();\n   * ```\n   * Función que retorna los personajes que tiene la Pokedex\n   * @return El atributo personajes, que es el vector que contiene todos los personajes de la Pokedex\n   */\n  public getColeccion(): documental[] {\n    return this.coleccion;\n  }\n\n  /**\n   * ```typescript\n   * // Ejemplo de llamada\n   *  documentalColeccion.busqueda(\"Cortos\", undefined)\n   * ```\n   * Función que busca emisiones concretas en la colección, las muestra en una tabla y las retorna.\n   * @param atributo El atributo a través del cual se quiere buscar\n   * @param valor Valor que se quiere buscar\n   * @return El resultado de la busqueda\n   */\n  public busqueda(atributo: string, valor?: string | number): documental[] | undefined {\n    const salida: documental[] = [];\n\n    this.coleccion.forEach((emision) => {\n      if (atributo == \"Nombre\" && typeof(valor) === \"string\") {\n        if (emision.nombre == valor) {\n          salida.push(emision);\n        }\n      }\n      if (atributo == \"Año de publicación\" && typeof(valor) === \"number\") {\n        if (emision.añoPublicacion == valor) {\n          salida.push(emision);\n        }\n      }\n      if (atributo == \"Largos\" && typeof(valor) === \"undefined\") {\n        if (emision.duracionMinutos > 60) {\n          salida.push(emision);\n        }\n      }\n      if (atributo == \"Normales\" && typeof(valor) === \"undefined\") {\n        if (emision.duracionMinutos > 30 && emision.duracionMinutos < 60) {\n          salida.push(emision);\n        }\n      }\n      if (atributo == \"Cortos\" && typeof(valor) === \"undefined\") {\n        if (emision.duracionMinutos < 30) {\n          salida.push(emision);\n        }\n      }\n    });\n\n    console.table(salida);\n    return salida;\n  }\n}\n"]},"_coverageSchema":"1a1c01bbd47fc00a2c39e90264f33305004495a9","hash":"7caac3a2202a24a5812d25c7507b944032484243","contentHash":"8f515b67c14e838760730b88e7be65a16767e6ef216cacc63aa8cc7647bf12fc"},"/home/usuario/ull-esit-inf-dsi-20-21-prct06-generics-solid-alu0101206479/src/ejercicio-clase/ImperialLength.ts":{"path":"/home/usuario/ull-esit-inf-dsi-20-21-prct06-generics-solid-alu0101206479/src/ejercicio-clase/ImperialLength.ts","statementMap":{"0":{"start":{"line":2,"column":0},"end":{"line":2,"column":62}},"1":{"start":{"line":3,"column":0},"end":{"line":3,"column":32}},"2":{"start":{"line":13,"column":8},"end":{"line":13,"column":33}},"3":{"start":{"line":20,"column":8},"end":{"line":20,"column":29}},"4":{"start":{"line":27,"column":8},"end":{"line":27,"column":34}},"5":{"start":{"line":34,"column":8},"end":{"line":34,"column":34}},"6":{"start":{"line":41,"column":8},"end":{"line":41,"column":37}},"7":{"start":{"line":44,"column":0},"end":{"line":44,"column":40}}},"fnMap":{"0":{"name":"(anonymous_0)","decl":{"start":{"line":12,"column":4},"end":{"line":12,"column":5}},"loc":{"start":{"line":12,"column":26},"end":{"line":14,"column":5}},"line":12},"1":{"name":"(anonymous_1)","decl":{"start":{"line":19,"column":4},"end":{"line":19,"column":5}},"loc":{"start":{"line":19,"column":28},"end":{"line":21,"column":5}},"line":19},"2":{"name":"(anonymous_2)","decl":{"start":{"line":26,"column":4},"end":{"line":26,"column":5}},"loc":{"start":{"line":26,"column":24},"end":{"line":28,"column":5}},"line":26},"3":{"name":"(anonymous_3)","decl":{"start":{"line":33,"column":4},"end":{"line":33,"column":5}},"loc":{"start":{"line":33,"column":26},"end":{"line":35,"column":5}},"line":33},"4":{"name":"(anonymous_4)","decl":{"start":{"line":40,"column":4},"end":{"line":40,"column":5}},"loc":{"start":{"line":40,"column":26},"end":{"line":42,"column":5}},"line":40}},"branchMap":{},"s":{"0":1,"1":1,"2":1,"3":1,"4":1,"5":1,"6":1,"7":1},"f":{"0":1,"1":1,"2":1,"3":1,"4":1},"b":{},"inputSourceMap":{"version":3,"file":"/home/usuario/ull-esit-inf-dsi-20-21-prct06-generics-solid-alu0101206479/src/ejercicio-clase/ImperialLength.ts","sources":["/home/usuario/ull-esit-inf-dsi-20-21-prct06-generics-solid-alu0101206479/src/ejercicio-clase/ImperialLength.ts"],"names":[],"mappings":";;;AAAA;;GAEG;AACH,MAAa,cAAc;IACzB;;;OAGG;IACH,YAAoB,QAAgB;QAAhB,aAAQ,GAAR,QAAQ,CAAQ;IAAG,CAAC;IAExC;;;OAGG;IACH,qBAAqB;QACnB,OAAO,IAAI,CAAC,QAAQ,CAAC;IACvB,CAAC;IAED;;;OAGG;IACH,iBAAiB;QACf,OAAO,IAAI,CAAC,QAAQ,GAAC,EAAE,CAAC;IAC1B,CAAC;IAED;;;OAGG;IACH,mBAAmB;QACjB,OAAO,IAAI,CAAC,QAAQ,GAAC,EAAE,CAAC;IAC1B,CAAC;IAED;;;OAGG;IACH,mBAAmB;QACjB,OAAO,IAAI,CAAC,QAAQ,GAAC,KAAK,CAAC;IAC7B,CAAC;CACF;AAtCD,wCAsCC","sourcesContent":["/**\n * Clase que representa una cantidad de longitud\n */\nexport class ImperialLength {\n  /**\n   * Constructor de la clase ImperialLength, se pasa como parametro al cantidad de longitud en pulgadas\n   * @param cantidad Cantidad de longitud en pulgadas\n   */\n  constructor(private cantidad: number) {}\n\n  /**\n   * Función que me devuelve la cantidad en pulgadas\n   * @returns El atributo cantidad, porque ya está en pulgadas\n   */\n  getLongitudEnPulgadas() {\n    return this.cantidad;\n  }\n\n  /**\n   * Función que me devuelve la cantidad en pies\n   * @returns El atributo cantidad/12, porque está seria la conversión de pulgadas a pies\n   */\n  getLongitudEnPies() {\n    return this.cantidad/12;\n  }\n\n  /**\n   * Función que me devuelve la cantidad en yardas\n   * @returns El atributo cantidad/36, porque está seria la conversión de pulgadas a yardas\n   */\n  getLongitudEnYardas() {\n    return this.cantidad/36;\n  }\n\n  /**\n   * Función que me devuelve la cantidad en millas\n   * @returns El atributo cantidad/63360, porque está seria la conversión de pulgadas a millas\n   */\n  getLongitudEnMillas() {\n    return this.cantidad/63360;\n  }\n}\n"]},"_coverageSchema":"1a1c01bbd47fc00a2c39e90264f33305004495a9","hash":"169b497d651f6e5eca0d18747386c951c4a840dc","contentHash":"297e598e40c106cf93b11ee8c95f0b9687e9b9cba0178d316f3f0f4b39f9b9b2"}}